[2024-08-11T06:30:14.232082+00:00] ms-auth.INFO: Bearer eyJ0eXAiOiJKV1QiLCJhbGciOiJIUzI1NiJ9.eyJ1c2VybmFtZSI6ImFuZGkiLCJ1c2VyX2lkIjoxLCJpYXQiOjE3MjMzNTc3NTYsImV4cCI6MTcyMzM2MTM1Nn0.vH-OYRosDrqa9KacLHUF-igbV0K7LFZ8LZ6LEKZo1UM [] []
[2024-08-11T06:33:42.701886+00:00] ms-auth.INFO: Bearer eyJ0eXAiOiJKV1QiLCJhbGciOiJIUzI1NiJ9.eyJ1c2VybmFtZSI6ImFuZGkiLCJ1c2VyX2lkIjoxLCJpYXQiOjE3MjMzNTc3NTYsImV4cCI6MTcyMzM2MTM1Nn0.vH-OYRosDrqa9KacLHUF-igbV0K7LFZ8LZ6LEKZo1UM [] []
[2024-08-11T06:37:42.018689+00:00] ms-auth.INFO: eyJ0eXAiOiJKV1QiLCJhbGciOiJIUzI1NiJ9.eyJ1c2VybmFtZSI6ImFuZGkiLCJ1c2VyX2lkIjoxLCJpYXQiOjE3MjMzNTc3NTYsImV4cCI6MTcyMzM2MTM1Nn0.vH-OYRosDrqa9KacLHUF-igbV0K7LFZ8LZ6LEKZo1UM [] []
[2024-08-11T06:37:42.019086+00:00] ms-auth.INFO: {"typ":"JWT","alg":"HS256"}{"username":"andi","user_id":1,"iat":1723357756,"exp":1723361356}/æ¢Àë©¯JiÂÇPX m] ì±Yð¶z,B™£U [] []
[2024-08-11T06:39:24.823103+00:00] ms-auth.INFO: " [] []
[2024-08-11T06:39:34.814536+00:00] ms-auth.INFO: {"typ":"JWT","alg":"HS256"}{"username":"andi","user_id":1,"iat":1723357756,"exp":1723361356}/æ¢Àë©¯JiÂÇPX m] ì±Yð¶z,B™£U [] []
[2024-08-11T06:40:56.855825+00:00] ms-auth.INFO: {"typ":"JWT","alg":"HS256"} [] []
[2024-08-11T06:41:06.455442+00:00] ms-auth.INFO: {"username":"andi","user_id":1,"iat":1723357756,"exp":1723361356} [] []
[2024-08-11T06:41:13.627234+00:00] ms-auth.INFO: ¼s˜F‹®¦½)§Abµt+²ÅgÂÙè± fT [] []
[2024-08-11T06:41:21.468806+00:00] ms-auth.INFO: {"username":"andi","user_id":1,"iat":1723357756,"exp":1723361356} [] []
[2024-08-11T06:42:51.696114+00:00] ms-auth.INFO: andi [] []
[2024-08-11T06:43:04.552430+00:00] ms-auth.INFO: 1 [] []
[2024-08-11T07:02:47.654054+00:00] ms-auth.ERROR: Failed to set key: ERR syntax error [] []
[2024-08-11T07:03:24.040709+00:00] ms-auth.ERROR: Failed to set key: ERR syntax error [] []
[2024-08-11T07:03:27.700942+00:00] ms-auth.ERROR: Failed to set key: ERR syntax error [] []
[2024-08-11T07:04:51.464508+00:00] ms-auth.ERROR: Failed to set key: ERR syntax error [] []
[2024-08-11T07:07:01.719510+00:00] ms-auth.ERROR: Failed to set key: ERR syntax error [] []
[2024-08-11T07:07:11.102427+00:00] ms-auth.ERROR: Failed to set key: ERR syntax error [] []
[2024-08-11T07:07:12.846365+00:00] ms-auth.ERROR: Failed to set key: ERR syntax error [] []
[2024-08-11T07:07:14.183831+00:00] ms-auth.ERROR: Failed to set key: ERR syntax error [] []
[2024-08-11T07:22:03.449060+00:00] ms-auth.ERROR: JWT Validation Failed {"exception":"[object] (Exception(code: 0): Token not found in key at /Users/andis/Documents/PROJECT/sample-ms-php/common/Middleware/AuthMiddleware.php:41)"} []
[2024-08-11T07:22:38.396401+00:00] ms-auth.ERROR: JWT Validation Failed {"exception":"[object] (Exception(code: 0): Token not found in key at /Users/andis/Documents/PROJECT/sample-ms-php/common/Middleware/AuthMiddleware.php:41)"} []
[2024-08-11T07:22:40.015921+00:00] ms-auth.ERROR: JWT Validation Failed {"exception":"[object] (Exception(code: 0): Token not found in key at /Users/andis/Documents/PROJECT/sample-ms-php/common/Middleware/AuthMiddleware.php:41)"} []
[2024-08-11T07:22:44.162256+00:00] ms-auth.ERROR: JWT Validation Failed {"exception":"[object] (Exception(code: 0): Token not found in key at /Users/andis/Documents/PROJECT/sample-ms-php/common/Middleware/AuthMiddleware.php:41)"} []
[2024-08-11T07:22:44.930169+00:00] ms-auth.ERROR: JWT Validation Failed {"exception":"[object] (Exception(code: 0): Token not found in key at /Users/andis/Documents/PROJECT/sample-ms-php/common/Middleware/AuthMiddleware.php:41)"} []
[2024-08-11T07:22:45.499655+00:00] ms-auth.ERROR: JWT Validation Failed {"exception":"[object] (Exception(code: 0): Token not found in key at /Users/andis/Documents/PROJECT/sample-ms-php/common/Middleware/AuthMiddleware.php:41)"} []
[2024-08-11T07:23:06.234106+00:00] ms-auth.ERROR: JWT Validation Failed {"exception":"[object] (Exception(code: 0): Token not found in key at /Users/andis/Documents/PROJECT/sample-ms-php/common/Middleware/AuthMiddleware.php:41)"} []
[2024-08-11T07:25:40.761909+00:00] ms-auth.INFO: /Users/andis/Documents/PROJECT/sample-ms-php/ms-auth/public [] []
[2024-08-11T07:25:40.762568+00:00] ms-auth.INFO: ::1 [] []
[2024-08-11T07:25:40.762600+00:00] ms-auth.INFO: 62291 [] []
[2024-08-11T07:25:40.762615+00:00] ms-auth.INFO: PHP/8.3.7 (Development Server) [] []
[2024-08-11T07:25:40.762628+00:00] ms-auth.INFO: HTTP/1.1 [] []
[2024-08-11T07:25:40.762640+00:00] ms-auth.INFO: localhost [] []
[2024-08-11T07:25:40.762650+00:00] ms-auth.INFO: 8000 [] []
[2024-08-11T07:25:40.762661+00:00] ms-auth.INFO: /profile [] []
[2024-08-11T07:25:40.762672+00:00] ms-auth.INFO: GET [] []
[2024-08-11T07:25:40.762682+00:00] ms-auth.INFO: /index.php [] []
[2024-08-11T07:25:40.762692+00:00] ms-auth.INFO: /Users/andis/Documents/PROJECT/sample-ms-php/ms-auth/public/index.php [] []
[2024-08-11T07:25:40.762703+00:00] ms-auth.INFO: /profile [] []
[2024-08-11T07:25:40.762712+00:00] ms-auth.INFO: /index.php/profile [] []
[2024-08-11T07:25:40.762723+00:00] ms-auth.INFO: application/json [] []
[2024-08-11T07:25:40.762733+00:00] ms-auth.INFO: application/json [] []
[2024-08-11T07:25:40.762743+00:00] ms-auth.INFO: Bearer eyJ0eXAiOiJKV1QiLCJhbGciOiJIUzI1NiJ9.eyJ1c2VybmFtZSI6ImFuZGkiLCJ1c2VyX2lkIjoxLCJpYXQiOjE3MjMzNjAzNjcsImV4cCI6MTcyMzM2Mzk2N30.MkE8mLZKf9z78qnf1Ss-W_bSCM_GGRPXpr5UDPjZNZk [] []
[2024-08-11T07:25:40.762755+00:00] ms-auth.INFO: IntelliJ HTTP Client/PhpStorm 2024.1.5 [] []
[2024-08-11T07:25:40.762765+00:00] ms-auth.INFO: br, deflate, gzip, x-gzip [] []
[2024-08-11T07:25:40.762775+00:00] ms-auth.INFO: */* [] []
[2024-08-11T07:25:40.762785+00:00] ms-auth.INFO: localhost:8000 [] []
[2024-08-11T07:25:40.762795+00:00] ms-auth.INFO: 0 [] []
[2024-08-11T07:25:40.762805+00:00] ms-auth.INFO: 0 [] []
[2024-08-11T07:25:40.762818+00:00] ms-auth.INFO: 1723361140.7561 [] []
[2024-08-11T07:25:40.762828+00:00] ms-auth.INFO: 1723361140 [] []
[2024-08-11T07:26:43.684715+00:00] ms-auth.ERROR: JWT Validation Failed {"exception":"[object] (ErrorException(code: 0): Undefined array key \"USER_NAME\" at /Users/andis/Documents/PROJECT/sample-ms-php/common/Middleware/AuthMiddleware.php:43)"} []
[2024-08-11T07:26:47.694688+00:00] ms-auth.ERROR: JWT Validation Failed {"exception":"[object] (ErrorException(code: 0): Undefined array key \"USER_NAME\" at /Users/andis/Documents/PROJECT/sample-ms-php/common/Middleware/AuthMiddleware.php:43)"} []
[2024-08-11T07:27:00.882667+00:00] ms-auth.ERROR: JWT Validation Failed {"exception":"[object] (ErrorException(code: 0): Undefined array key \"USER_NAME\" at /Users/andis/Documents/PROJECT/sample-ms-php/common/Middleware/AuthMiddleware.php:43)"} []
[2024-08-11T08:16:36.716954+00:00] ms-auth.ERROR: JWT Validation Failed {"exception":"[object] (Exception(code: 0): Token not found in key at /Users/andis/Documents/PROJECT/sample-ms-php/common/Middleware/AuthMiddleware.php:38)"} []
[2024-08-11T08:16:38.438414+00:00] ms-auth.ERROR: JWT Validation Failed {"exception":"[object] (Exception(code: 0): Token not found in key at /Users/andis/Documents/PROJECT/sample-ms-php/common/Middleware/AuthMiddleware.php:38)"} []
[2024-08-11T08:16:47.685026+00:00] ms-auth.ERROR: JWT Validation Failed {"exception":"[object] (Exception(code: 0): Token not found in key at /Users/andis/Documents/PROJECT/sample-ms-php/common/Middleware/AuthMiddleware.php:41)"} []
[2024-08-11T08:17:15.006083+00:00] ms-auth.ERROR: JWT Validation Failed {"exception":"[object] (ErrorException(code: 0): Undefined property: App\\MsAuth\\Models\\User::$password at /Users/andis/Documents/PROJECT/sample-ms-php/ms-auth/vendor/jms/serializer/src/Accessor/DefaultAccessorStrategy.php:89)"} []
[2024-08-11T08:17:19.606144+00:00] ms-auth.ERROR: JWT Validation Failed {"exception":"[object] (ErrorException(code: 0): Undefined property: App\\MsAuth\\Models\\User::$password at /Users/andis/Documents/PROJECT/sample-ms-php/ms-auth/vendor/jms/serializer/src/Accessor/DefaultAccessorStrategy.php:89)"} []
[2024-08-11T08:17:39.779899+00:00] ms-auth.ERROR: JWT Validation Failed {"exception":"[object] (ErrorException(code: 0): Undefined property: App\\MsAuth\\Models\\User::$password at /Users/andis/Documents/PROJECT/sample-ms-php/ms-auth/vendor/jms/serializer/src/Accessor/DefaultAccessorStrategy.php:89)"} []
[2024-08-11T08:17:59.369700+00:00] ms-auth.ERROR: JWT Validation Failed {"exception":"[object] (ErrorException(code: 0): Undefined property: App\\MsAuth\\Models\\User::$password at /Users/andis/Documents/PROJECT/sample-ms-php/ms-auth/vendor/jms/serializer/src/Accessor/DefaultAccessorStrategy.php:89)"} []
[2024-08-11T08:18:00.726788+00:00] ms-auth.ERROR: JWT Validation Failed {"exception":"[object] (ErrorException(code: 0): Undefined property: App\\MsAuth\\Models\\User::$password at /Users/andis/Documents/PROJECT/sample-ms-php/ms-auth/vendor/jms/serializer/src/Accessor/DefaultAccessorStrategy.php:89)"} []
[2024-08-11T08:18:01.398321+00:00] ms-auth.ERROR: JWT Validation Failed {"exception":"[object] (ErrorException(code: 0): Undefined property: App\\MsAuth\\Models\\User::$password at /Users/andis/Documents/PROJECT/sample-ms-php/ms-auth/vendor/jms/serializer/src/Accessor/DefaultAccessorStrategy.php:89)"} []
[2024-08-11T12:41:03.626035+00:00] ms-auth.ERROR: JWT Validation Failed {"exception":"[object] (Exception(code: 0): Token not found in key at /Users/andis/Documents/PROJECT/sample-ms-php/common/Middleware/AuthMiddleware.php:41)"} []
[2024-08-11T12:41:05.996881+00:00] ms-auth.ERROR: JWT Validation Failed {"exception":"[object] (Exception(code: 0): Token not found in key at /Users/andis/Documents/PROJECT/sample-ms-php/common/Middleware/AuthMiddleware.php:41)"} []
[2024-08-11T13:14:44.673743+00:00] ms-asset.ERROR: Failed to create asset: Undefined array key "user_name" [] []
[2024-08-11T13:15:37.419170+00:00] ms-asset.ERROR: Failed to create asset: Undefined array key "user_name" [] []
[2024-08-11T13:15:54.401891+00:00] ms-asset.ERROR: Failed to create asset: Undefined array key "user_name" [] []
[2024-08-11T13:39:51.171053+00:00] ms-asset.ERROR: Error: Unknown named parameter $id in /Users/andis/Documents/PROJECT/sample-ms-php/ms-asset/config/Router.php:39 Stack trace: #0 /Users/andis/Documents/PROJECT/sample-ms-php/ms-asset/config/Router.php(39): call_user_func_array(Object(Closure), Array) #1 /Users/andis/Documents/PROJECT/sample-ms-php/ms-asset/src/Kernel.php(43): App\MsAsset\Config\Router->matchAndDispatch() #2 /Users/andis/Documents/PROJECT/sample-ms-php/ms-asset/public/index.php(32): App\MsAsset\Kernel->handleRequest() #3 {main} [] []
[2024-08-11T13:41:17.829481+00:00] ms-asset.ERROR: Error: Unknown named parameter $id in /Users/andis/Documents/PROJECT/sample-ms-php/ms-asset/config/Router.php:40 Stack trace: #0 /Users/andis/Documents/PROJECT/sample-ms-php/ms-asset/config/Router.php(40): call_user_func_array(Object(Closure), Array) #1 /Users/andis/Documents/PROJECT/sample-ms-php/ms-asset/src/Kernel.php(43): App\MsAsset\Config\Router->matchAndDispatch() #2 /Users/andis/Documents/PROJECT/sample-ms-php/ms-asset/public/index.php(32): App\MsAsset\Kernel->handleRequest() #3 {main} [] []
[2024-08-11T13:41:17.830744+00:00] ms-asset.ERROR: ErrorException: Uncaught ErrorException: http_response_code(): Cannot set response code - headers already sent (output started at /Users/andis/Documents/PROJECT/sample-ms-php/ms-asset/config/Router.php:39) in /Users/andis/Documents/PROJECT/sample-ms-php/common/Middleware/ErrorHandler.php:13 Stack trace: #0 [internal function]: {closure}(2, 'http_response_c...', '/Users/andis/Do...', 13) #1 /Users/andis/Documents/PROJECT/sample-ms-php/common/Middleware/ErrorHandler.php(13): http_response_code(500) #2 /Users/andis/Documents/PROJECT/sample-ms-php/ms-asset/public/index.php(19): App\Middleware\ErrorHandler::handle(Object(Error)) #3 [internal function]: {closure}(Object(Error)) #4 {main}   thrown in /Users/andis/Documents/PROJECT/sample-ms-php/common/Middleware/ErrorHandler.php:13 Stack trace: #0 [internal function]: {closure}() #1 {main} [] []
[2024-08-11T13:41:37.421814+00:00] ms-asset.ERROR: Error: Unknown named parameter $id in /Users/andis/Documents/PROJECT/sample-ms-php/ms-asset/config/Router.php:40 Stack trace: #0 /Users/andis/Documents/PROJECT/sample-ms-php/ms-asset/config/Router.php(40): call_user_func_array(Object(Closure), Array) #1 /Users/andis/Documents/PROJECT/sample-ms-php/ms-asset/src/Kernel.php(43): App\MsAsset\Config\Router->matchAndDispatch() #2 /Users/andis/Documents/PROJECT/sample-ms-php/ms-asset/public/index.php(32): App\MsAsset\Kernel->handleRequest() #3 {main} [] []
[2024-08-11T13:41:57.592331+00:00] ms-asset.ERROR: Error: Unknown named parameter $id in /Users/andis/Documents/PROJECT/sample-ms-php/ms-asset/config/Router.php:39 Stack trace: #0 /Users/andis/Documents/PROJECT/sample-ms-php/ms-asset/config/Router.php(39): call_user_func_array(Object(Closure), Array) #1 /Users/andis/Documents/PROJECT/sample-ms-php/ms-asset/src/Kernel.php(43): App\MsAsset\Config\Router->matchAndDispatch() #2 /Users/andis/Documents/PROJECT/sample-ms-php/ms-asset/public/index.php(32): App\MsAsset\Kernel->handleRequest() #3 {main} [] []
[2024-08-11T13:44:03.170577+00:00] ms-asset.ERROR: Error: Unknown named parameter $id in /Users/andis/Documents/PROJECT/sample-ms-php/ms-asset/config/Router.php:39 Stack trace: #0 /Users/andis/Documents/PROJECT/sample-ms-php/ms-asset/config/Router.php(39): call_user_func_array(Object(Closure), Array) #1 /Users/andis/Documents/PROJECT/sample-ms-php/ms-asset/src/Kernel.php(43): App\MsAsset\Config\Router->matchAndDispatch() #2 /Users/andis/Documents/PROJECT/sample-ms-php/ms-asset/public/index.php(32): App\MsAsset\Kernel->handleRequest() #3 {main} [] []
[2024-08-11T13:44:39.032573+00:00] ms-asset.ERROR: TypeError: App\MsAsset\Config\applyMiddleware(): Argument #1 ($callback) must be of type callable, array given, called in /Users/andis/Documents/PROJECT/sample-ms-php/ms-asset/config/Router.php on line 29 and defined in /Users/andis/Documents/PROJECT/sample-ms-php/ms-asset/config/Router.php:47 Stack trace: #0 /Users/andis/Documents/PROJECT/sample-ms-php/ms-asset/config/Router.php(29): App\MsAsset\Config\applyMiddleware(Array, Array) #1 /Users/andis/Documents/PROJECT/sample-ms-php/ms-asset/src/Kernel.php(37): App\MsAsset\Config\Router->setupRoutes(Object(App\MsAsset\Controllers\AssetController)) #2 /Users/andis/Documents/PROJECT/sample-ms-php/ms-asset/src/Kernel.php(42): App\MsAsset\Kernel->boot() #3 /Users/andis/Documents/PROJECT/sample-ms-php/ms-asset/public/index.php(32): App\MsAsset\Kernel->handleRequest() #4 {main} [] []
[2024-08-11T13:46:13.047532+00:00] ms-asset.ERROR: TypeError: App\MsAsset\Config\applyMiddleware(): Argument #1 ($callback) must be of type callable, array given, called in /Users/andis/Documents/PROJECT/sample-ms-php/ms-asset/config/Router.php on line 29 and defined in /Users/andis/Documents/PROJECT/sample-ms-php/ms-asset/config/Router.php:47 Stack trace: #0 /Users/andis/Documents/PROJECT/sample-ms-php/ms-asset/config/Router.php(29): App\MsAsset\Config\applyMiddleware(Array, Array) #1 /Users/andis/Documents/PROJECT/sample-ms-php/ms-asset/src/Kernel.php(37): App\MsAsset\Config\Router->setupRoutes(Object(App\MsAsset\Controllers\AssetController)) #2 /Users/andis/Documents/PROJECT/sample-ms-php/ms-asset/src/Kernel.php(42): App\MsAsset\Kernel->boot() #3 /Users/andis/Documents/PROJECT/sample-ms-php/ms-asset/public/index.php(32): App\MsAsset\Kernel->handleRequest() #4 {main} [] []
[2024-08-11T13:46:42.265577+00:00] ms-asset.ERROR: Error: Unknown named parameter $id in /Users/andis/Documents/PROJECT/sample-ms-php/ms-asset/config/Router.php:39 Stack trace: #0 /Users/andis/Documents/PROJECT/sample-ms-php/ms-asset/config/Router.php(39): call_user_func_array(Object(Closure), Array) #1 /Users/andis/Documents/PROJECT/sample-ms-php/ms-asset/src/Kernel.php(43): App\MsAsset\Config\Router->matchAndDispatch() #2 /Users/andis/Documents/PROJECT/sample-ms-php/ms-asset/public/index.php(32): App\MsAsset\Kernel->handleRequest() #3 {main} [] []
[2024-08-11T13:46:50.900090+00:00] ms-auth.ERROR: JWT Validation Failed {"exception":"[object] (Exception(code: 0): Token not found in key at /Users/andis/Documents/PROJECT/sample-ms-php/common/Middleware/AuthMiddleware.php:39)"} []
[2024-08-11T13:46:53.589846+00:00] ms-auth.ERROR: JWT Validation Failed {"exception":"[object] (Exception(code: 0): Token not found in key at /Users/andis/Documents/PROJECT/sample-ms-php/common/Middleware/AuthMiddleware.php:39)"} []
[2024-08-11T13:46:54.149178+00:00] ms-auth.ERROR: JWT Validation Failed {"exception":"[object] (Exception(code: 0): Token not found in key at /Users/andis/Documents/PROJECT/sample-ms-php/common/Middleware/AuthMiddleware.php:39)"} []
[2024-08-11T13:47:12.765431+00:00] ms-auth.ERROR: JWT Validation Failed {"exception":"[object] (Exception(code: 0): Token not found in key at /Users/andis/Documents/PROJECT/sample-ms-php/common/Middleware/AuthMiddleware.php:39)"} []
[2024-08-11T13:47:13.934946+00:00] ms-auth.ERROR: JWT Validation Failed {"exception":"[object] (Exception(code: 0): Token not found in key at /Users/andis/Documents/PROJECT/sample-ms-php/common/Middleware/AuthMiddleware.php:39)"} []
[2024-08-11T13:47:50.471887+00:00] ms-asset.ERROR: JWT Validation Failed {"exception":"[object] (Exception(code: 0): Token not found in key at /Users/andis/Documents/PROJECT/sample-ms-php/common/Middleware/AuthMiddleware.php:39)"} []
[2024-08-11T13:55:51.525437+00:00] ms-auth.ERROR: JWT Validation Failed {"exception":"[object] (ErrorException(code: 0): explode(): Passing null to parameter #2 ($string) of type string is deprecated at /Users/andis/Documents/PROJECT/sample-ms-php/common/Middleware/AuthMiddleware.php:31)"} []
[2024-08-11T13:57:10.510042+00:00] ms-auth.ERROR: JWT Validation Failed {"exception":"[object] (ErrorException(code: 0): Undefined array key 1 at /Users/andis/Documents/PROJECT/sample-ms-php/common/Middleware/AuthMiddleware.php:31)"} []
[2024-08-11T14:00:24.964619+00:00] ms-asset.ERROR: Error: Unknown named parameter $id in /Users/andis/Documents/PROJECT/sample-ms-php/ms-asset/config/Router.php:39 Stack trace: #0 /Users/andis/Documents/PROJECT/sample-ms-php/ms-asset/config/Router.php(39): call_user_func_array(Object(Closure), Array) #1 /Users/andis/Documents/PROJECT/sample-ms-php/ms-asset/src/Kernel.php(43): App\MsAsset\Config\Router->matchAndDispatch() #2 /Users/andis/Documents/PROJECT/sample-ms-php/ms-asset/public/index.php(32): App\MsAsset\Kernel->handleRequest() #3 {main} [] []
[2024-08-11T14:01:53.803362+00:00] ms-asset.ERROR: Error: Unknown named parameter $id in /Users/andis/Documents/PROJECT/sample-ms-php/ms-asset/config/Router.php:39 Stack trace: #0 /Users/andis/Documents/PROJECT/sample-ms-php/ms-asset/config/Router.php(39): call_user_func_array(Object(Closure), Array) #1 /Users/andis/Documents/PROJECT/sample-ms-php/ms-asset/src/Kernel.php(43): App\MsAsset\Config\Router->matchAndDispatch() #2 /Users/andis/Documents/PROJECT/sample-ms-php/ms-asset/public/index.php(32): App\MsAsset\Kernel->handleRequest() #3 {main} [] []
[2024-08-11T14:01:55.253138+00:00] ms-asset.ERROR: Error: Unknown named parameter $id in /Users/andis/Documents/PROJECT/sample-ms-php/ms-asset/config/Router.php:39 Stack trace: #0 /Users/andis/Documents/PROJECT/sample-ms-php/ms-asset/config/Router.php(39): call_user_func_array(Object(Closure), Array) #1 /Users/andis/Documents/PROJECT/sample-ms-php/ms-asset/src/Kernel.php(43): App\MsAsset\Config\Router->matchAndDispatch() #2 /Users/andis/Documents/PROJECT/sample-ms-php/ms-asset/public/index.php(32): App\MsAsset\Kernel->handleRequest() #3 {main} [] []
[2024-08-11T14:04:03.354626+00:00] ms-asset.ERROR: Error: Unknown named parameter $id in /Users/andis/Documents/PROJECT/sample-ms-php/ms-asset/config/Router.php:56 Stack trace: #0 /Users/andis/Documents/PROJECT/sample-ms-php/ms-asset/config/Router.php(56): call_user_func_array(Object(Closure), Array) #1 /Users/andis/Documents/PROJECT/sample-ms-php/ms-asset/src/Kernel.php(43): App\MsAsset\Config\Router->matchAndDispatch() #2 /Users/andis/Documents/PROJECT/sample-ms-php/ms-asset/public/index.php(32): App\MsAsset\Kernel->handleRequest() #3 {main} [] []
[2024-08-11T14:04:04.992739+00:00] ms-asset.ERROR: Error: Unknown named parameter $id in /Users/andis/Documents/PROJECT/sample-ms-php/ms-asset/config/Router.php:56 Stack trace: #0 /Users/andis/Documents/PROJECT/sample-ms-php/ms-asset/config/Router.php(56): call_user_func_array(Object(Closure), Array) #1 /Users/andis/Documents/PROJECT/sample-ms-php/ms-asset/src/Kernel.php(43): App\MsAsset\Config\Router->matchAndDispatch() #2 /Users/andis/Documents/PROJECT/sample-ms-php/ms-asset/public/index.php(32): App\MsAsset\Kernel->handleRequest() #3 {main} [] []
[2024-08-11T14:04:15.485692+00:00] ms-asset.ERROR: Error: Unknown named parameter $id in /Users/andis/Documents/PROJECT/sample-ms-php/ms-asset/config/Router.php:56 Stack trace: #0 /Users/andis/Documents/PROJECT/sample-ms-php/ms-asset/config/Router.php(56): call_user_func_array(Object(Closure), Array) #1 /Users/andis/Documents/PROJECT/sample-ms-php/ms-asset/src/Kernel.php(43): App\MsAsset\Config\Router->matchAndDispatch() #2 /Users/andis/Documents/PROJECT/sample-ms-php/ms-asset/public/index.php(32): App\MsAsset\Kernel->handleRequest() #3 {main} [] []
[2024-08-11T14:04:16.125221+00:00] ms-asset.ERROR: Error: Unknown named parameter $id in /Users/andis/Documents/PROJECT/sample-ms-php/ms-asset/config/Router.php:56 Stack trace: #0 /Users/andis/Documents/PROJECT/sample-ms-php/ms-asset/config/Router.php(56): call_user_func_array(Object(Closure), Array) #1 /Users/andis/Documents/PROJECT/sample-ms-php/ms-asset/src/Kernel.php(43): App\MsAsset\Config\Router->matchAndDispatch() #2 /Users/andis/Documents/PROJECT/sample-ms-php/ms-asset/public/index.php(32): App\MsAsset\Kernel->handleRequest() #3 {main} [] []
[2024-08-11T14:04:16.569339+00:00] ms-asset.ERROR: Error: Unknown named parameter $id in /Users/andis/Documents/PROJECT/sample-ms-php/ms-asset/config/Router.php:56 Stack trace: #0 /Users/andis/Documents/PROJECT/sample-ms-php/ms-asset/config/Router.php(56): call_user_func_array(Object(Closure), Array) #1 /Users/andis/Documents/PROJECT/sample-ms-php/ms-asset/src/Kernel.php(43): App\MsAsset\Config\Router->matchAndDispatch() #2 /Users/andis/Documents/PROJECT/sample-ms-php/ms-asset/public/index.php(32): App\MsAsset\Kernel->handleRequest() #3 {main} [] []
[2024-08-11T14:04:17.278260+00:00] ms-asset.ERROR: Error: Unknown named parameter $id in /Users/andis/Documents/PROJECT/sample-ms-php/ms-asset/config/Router.php:56 Stack trace: #0 /Users/andis/Documents/PROJECT/sample-ms-php/ms-asset/config/Router.php(56): call_user_func_array(Object(Closure), Array) #1 /Users/andis/Documents/PROJECT/sample-ms-php/ms-asset/src/Kernel.php(43): App\MsAsset\Config\Router->matchAndDispatch() #2 /Users/andis/Documents/PROJECT/sample-ms-php/ms-asset/public/index.php(32): App\MsAsset\Kernel->handleRequest() #3 {main} [] []
[2024-08-11T14:09:26.939592+00:00] ms-asset.ERROR: ArgumentCountError: Too few arguments to function App\Middleware\AuthMiddleware::handle(), 1 passed in /Users/andis/Documents/PROJECT/sample-ms-php/ms-asset/config/Router.php on line 56 and exactly 2 expected in /Users/andis/Documents/PROJECT/sample-ms-php/common/Middleware/AuthMiddleware.php:19 Stack trace: #0 /Users/andis/Documents/PROJECT/sample-ms-php/ms-asset/config/Router.php(56): App\Middleware\AuthMiddleware->handle(Object(Closure)) #1 [internal function]: App\MsAsset\Config\Router->App\MsAsset\Config\{closure}() #2 /Users/andis/Documents/PROJECT/sample-ms-php/ms-asset/config/Router.php(46): call_user_func_array(Object(Closure), Array) #3 /Users/andis/Documents/PROJECT/sample-ms-php/ms-asset/src/Kernel.php(43): App\MsAsset\Config\Router->matchAndDispatch() #4 /Users/andis/Documents/PROJECT/sample-ms-php/ms-asset/public/index.php(32): App\MsAsset\Kernel->handleRequest() #5 {main} [] []
[2024-08-11T14:12:12.201071+00:00] ms-asset.ERROR: Error: Unknown named parameter $id in /Users/andis/Documents/PROJECT/sample-ms-php/ms-asset/config/Router.php:46 Stack trace: #0 /Users/andis/Documents/PROJECT/sample-ms-php/ms-asset/config/Router.php(46): call_user_func_array(Object(Closure), Array) #1 /Users/andis/Documents/PROJECT/sample-ms-php/ms-asset/src/Kernel.php(43): App\MsAsset\Config\Router->matchAndDispatch() #2 /Users/andis/Documents/PROJECT/sample-ms-php/ms-asset/public/index.php(32): App\MsAsset\Kernel->handleRequest() #3 {main} [] []
[2024-08-11T14:12:13.215455+00:00] ms-asset.ERROR: Error: Unknown named parameter $id in /Users/andis/Documents/PROJECT/sample-ms-php/ms-asset/config/Router.php:46 Stack trace: #0 /Users/andis/Documents/PROJECT/sample-ms-php/ms-asset/config/Router.php(46): call_user_func_array(Object(Closure), Array) #1 /Users/andis/Documents/PROJECT/sample-ms-php/ms-asset/src/Kernel.php(43): App\MsAsset\Config\Router->matchAndDispatch() #2 /Users/andis/Documents/PROJECT/sample-ms-php/ms-asset/public/index.php(32): App\MsAsset\Kernel->handleRequest() #3 {main} [] []
[2024-08-11T14:12:13.645879+00:00] ms-asset.ERROR: Error: Unknown named parameter $id in /Users/andis/Documents/PROJECT/sample-ms-php/ms-asset/config/Router.php:46 Stack trace: #0 /Users/andis/Documents/PROJECT/sample-ms-php/ms-asset/config/Router.php(46): call_user_func_array(Object(Closure), Array) #1 /Users/andis/Documents/PROJECT/sample-ms-php/ms-asset/src/Kernel.php(43): App\MsAsset\Config\Router->matchAndDispatch() #2 /Users/andis/Documents/PROJECT/sample-ms-php/ms-asset/public/index.php(32): App\MsAsset\Kernel->handleRequest() #3 {main} [] []
[2024-08-11T14:12:14.093906+00:00] ms-asset.ERROR: Error: Unknown named parameter $id in /Users/andis/Documents/PROJECT/sample-ms-php/ms-asset/config/Router.php:46 Stack trace: #0 /Users/andis/Documents/PROJECT/sample-ms-php/ms-asset/config/Router.php(46): call_user_func_array(Object(Closure), Array) #1 /Users/andis/Documents/PROJECT/sample-ms-php/ms-asset/src/Kernel.php(43): App\MsAsset\Config\Router->matchAndDispatch() #2 /Users/andis/Documents/PROJECT/sample-ms-php/ms-asset/public/index.php(32): App\MsAsset\Kernel->handleRequest() #3 {main} [] []
[2024-08-11T14:13:11.298794+00:00] ms-asset.ERROR: Error: Unknown named parameter $id in /Users/andis/Documents/PROJECT/sample-ms-php/ms-asset/config/Router.php:46 Stack trace: #0 /Users/andis/Documents/PROJECT/sample-ms-php/ms-asset/config/Router.php(46): call_user_func_array(Object(Closure), Array) #1 /Users/andis/Documents/PROJECT/sample-ms-php/ms-asset/src/Kernel.php(43): App\MsAsset\Config\Router->matchAndDispatch() #2 /Users/andis/Documents/PROJECT/sample-ms-php/ms-asset/public/index.php(32): App\MsAsset\Kernel->handleRequest() #3 {main} [] []
[2024-08-11T14:13:12.859930+00:00] ms-asset.ERROR: Error: Unknown named parameter $id in /Users/andis/Documents/PROJECT/sample-ms-php/ms-asset/config/Router.php:46 Stack trace: #0 /Users/andis/Documents/PROJECT/sample-ms-php/ms-asset/config/Router.php(46): call_user_func_array(Object(Closure), Array) #1 /Users/andis/Documents/PROJECT/sample-ms-php/ms-asset/src/Kernel.php(43): App\MsAsset\Config\Router->matchAndDispatch() #2 /Users/andis/Documents/PROJECT/sample-ms-php/ms-asset/public/index.php(32): App\MsAsset\Kernel->handleRequest() #3 {main} [] []
[2024-08-11T14:13:13.710031+00:00] ms-asset.ERROR: Error: Unknown named parameter $id in /Users/andis/Documents/PROJECT/sample-ms-php/ms-asset/config/Router.php:46 Stack trace: #0 /Users/andis/Documents/PROJECT/sample-ms-php/ms-asset/config/Router.php(46): call_user_func_array(Object(Closure), Array) #1 /Users/andis/Documents/PROJECT/sample-ms-php/ms-asset/src/Kernel.php(43): App\MsAsset\Config\Router->matchAndDispatch() #2 /Users/andis/Documents/PROJECT/sample-ms-php/ms-asset/public/index.php(32): App\MsAsset\Kernel->handleRequest() #3 {main} [] []
[2024-08-11T14:13:14.330585+00:00] ms-asset.ERROR: Error: Unknown named parameter $id in /Users/andis/Documents/PROJECT/sample-ms-php/ms-asset/config/Router.php:46 Stack trace: #0 /Users/andis/Documents/PROJECT/sample-ms-php/ms-asset/config/Router.php(46): call_user_func_array(Object(Closure), Array) #1 /Users/andis/Documents/PROJECT/sample-ms-php/ms-asset/src/Kernel.php(43): App\MsAsset\Config\Router->matchAndDispatch() #2 /Users/andis/Documents/PROJECT/sample-ms-php/ms-asset/public/index.php(32): App\MsAsset\Kernel->handleRequest() #3 {main} [] []
[2024-08-11T14:14:52.103182+00:00] ms-asset.ERROR: Error: Unknown named parameter $id in /Users/andis/Documents/PROJECT/sample-ms-php/ms-asset/config/Router.php:58 Stack trace: #0 /Users/andis/Documents/PROJECT/sample-ms-php/ms-asset/config/Router.php(58): call_user_func_array(Array, Array) #1 /Users/andis/Documents/PROJECT/sample-ms-php/common/Middleware/AuthMiddleware.php(44): App\MsAsset\Config\Router->App\MsAsset\Config\{closure}(Array, Array) #2 [internal function]: App\Middleware\AuthMiddleware->handle(Array, Object(Closure)) #3 /Users/andis/Documents/PROJECT/sample-ms-php/ms-asset/config/Router.php(57): call_user_func_array(Array, Array) #4 [internal function]: App\MsAsset\Config\Router->App\MsAsset\Config\{closure}(id: '1') #5 /Users/andis/Documents/PROJECT/sample-ms-php/ms-asset/config/Router.php(46): call_user_func_array(Object(Closure), Array) #6 /Users/andis/Documents/PROJECT/sample-ms-php/ms-asset/src/Kernel.php(43): App\MsAsset\Config\Router->matchAndDispatch() #7 /Users/andis/Documents/PROJECT/sample-ms-php/ms-asset/public/index.php(32): App\MsAsset\Kernel->handleRequest() #8 {main} [] []
[2024-08-11T14:14:53.011050+00:00] ms-asset.ERROR: Error: Unknown named parameter $id in /Users/andis/Documents/PROJECT/sample-ms-php/ms-asset/config/Router.php:58 Stack trace: #0 /Users/andis/Documents/PROJECT/sample-ms-php/ms-asset/config/Router.php(58): call_user_func_array(Array, Array) #1 /Users/andis/Documents/PROJECT/sample-ms-php/common/Middleware/AuthMiddleware.php(44): App\MsAsset\Config\Router->App\MsAsset\Config\{closure}(Array, Array) #2 [internal function]: App\Middleware\AuthMiddleware->handle(Array, Object(Closure)) #3 /Users/andis/Documents/PROJECT/sample-ms-php/ms-asset/config/Router.php(57): call_user_func_array(Array, Array) #4 [internal function]: App\MsAsset\Config\Router->App\MsAsset\Config\{closure}(id: '1') #5 /Users/andis/Documents/PROJECT/sample-ms-php/ms-asset/config/Router.php(46): call_user_func_array(Object(Closure), Array) #6 /Users/andis/Documents/PROJECT/sample-ms-php/ms-asset/src/Kernel.php(43): App\MsAsset\Config\Router->matchAndDispatch() #7 /Users/andis/Documents/PROJECT/sample-ms-php/ms-asset/public/index.php(32): App\MsAsset\Kernel->handleRequest() #8 {main} [] []
[2024-08-11T14:14:53.513271+00:00] ms-asset.ERROR: Error: Unknown named parameter $id in /Users/andis/Documents/PROJECT/sample-ms-php/ms-asset/config/Router.php:58 Stack trace: #0 /Users/andis/Documents/PROJECT/sample-ms-php/ms-asset/config/Router.php(58): call_user_func_array(Array, Array) #1 /Users/andis/Documents/PROJECT/sample-ms-php/common/Middleware/AuthMiddleware.php(44): App\MsAsset\Config\Router->App\MsAsset\Config\{closure}(Array, Array) #2 [internal function]: App\Middleware\AuthMiddleware->handle(Array, Object(Closure)) #3 /Users/andis/Documents/PROJECT/sample-ms-php/ms-asset/config/Router.php(57): call_user_func_array(Array, Array) #4 [internal function]: App\MsAsset\Config\Router->App\MsAsset\Config\{closure}(id: '1') #5 /Users/andis/Documents/PROJECT/sample-ms-php/ms-asset/config/Router.php(46): call_user_func_array(Object(Closure), Array) #6 /Users/andis/Documents/PROJECT/sample-ms-php/ms-asset/src/Kernel.php(43): App\MsAsset\Config\Router->matchAndDispatch() #7 /Users/andis/Documents/PROJECT/sample-ms-php/ms-asset/public/index.php(32): App\MsAsset\Kernel->handleRequest() #8 {main} [] []
[2024-08-11T14:14:54.220921+00:00] ms-asset.ERROR: Error: Unknown named parameter $id in /Users/andis/Documents/PROJECT/sample-ms-php/ms-asset/config/Router.php:58 Stack trace: #0 /Users/andis/Documents/PROJECT/sample-ms-php/ms-asset/config/Router.php(58): call_user_func_array(Array, Array) #1 /Users/andis/Documents/PROJECT/sample-ms-php/common/Middleware/AuthMiddleware.php(44): App\MsAsset\Config\Router->App\MsAsset\Config\{closure}(Array, Array) #2 [internal function]: App\Middleware\AuthMiddleware->handle(Array, Object(Closure)) #3 /Users/andis/Documents/PROJECT/sample-ms-php/ms-asset/config/Router.php(57): call_user_func_array(Array, Array) #4 [internal function]: App\MsAsset\Config\Router->App\MsAsset\Config\{closure}(id: '1') #5 /Users/andis/Documents/PROJECT/sample-ms-php/ms-asset/config/Router.php(46): call_user_func_array(Object(Closure), Array) #6 /Users/andis/Documents/PROJECT/sample-ms-php/ms-asset/src/Kernel.php(43): App\MsAsset\Config\Router->matchAndDispatch() #7 /Users/andis/Documents/PROJECT/sample-ms-php/ms-asset/public/index.php(32): App\MsAsset\Kernel->handleRequest() #8 {main} [] []
[2024-08-11T14:14:55.416584+00:00] ms-asset.ERROR: Error: Unknown named parameter $id in /Users/andis/Documents/PROJECT/sample-ms-php/ms-asset/config/Router.php:58 Stack trace: #0 /Users/andis/Documents/PROJECT/sample-ms-php/ms-asset/config/Router.php(58): call_user_func_array(Array, Array) #1 /Users/andis/Documents/PROJECT/sample-ms-php/common/Middleware/AuthMiddleware.php(44): App\MsAsset\Config\Router->App\MsAsset\Config\{closure}(Array, Array) #2 [internal function]: App\Middleware\AuthMiddleware->handle(Array, Object(Closure)) #3 /Users/andis/Documents/PROJECT/sample-ms-php/ms-asset/config/Router.php(57): call_user_func_array(Array, Array) #4 [internal function]: App\MsAsset\Config\Router->App\MsAsset\Config\{closure}(id: '1') #5 /Users/andis/Documents/PROJECT/sample-ms-php/ms-asset/config/Router.php(46): call_user_func_array(Object(Closure), Array) #6 /Users/andis/Documents/PROJECT/sample-ms-php/ms-asset/src/Kernel.php(43): App\MsAsset\Config\Router->matchAndDispatch() #7 /Users/andis/Documents/PROJECT/sample-ms-php/ms-asset/public/index.php(32): App\MsAsset\Kernel->handleRequest() #8 {main} [] []
[2024-08-11T14:14:58.100255+00:00] ms-asset.ERROR: Error: Unknown named parameter $id in /Users/andis/Documents/PROJECT/sample-ms-php/ms-asset/config/Router.php:58 Stack trace: #0 /Users/andis/Documents/PROJECT/sample-ms-php/ms-asset/config/Router.php(58): call_user_func_array(Array, Array) #1 /Users/andis/Documents/PROJECT/sample-ms-php/common/Middleware/AuthMiddleware.php(44): App\MsAsset\Config\Router->App\MsAsset\Config\{closure}(Array, Array) #2 [internal function]: App\Middleware\AuthMiddleware->handle(Array, Object(Closure)) #3 /Users/andis/Documents/PROJECT/sample-ms-php/ms-asset/config/Router.php(57): call_user_func_array(Array, Array) #4 [internal function]: App\MsAsset\Config\Router->App\MsAsset\Config\{closure}(id: '1') #5 /Users/andis/Documents/PROJECT/sample-ms-php/ms-asset/config/Router.php(46): call_user_func_array(Object(Closure), Array) #6 /Users/andis/Documents/PROJECT/sample-ms-php/ms-asset/src/Kernel.php(43): App\MsAsset\Config\Router->matchAndDispatch() #7 /Users/andis/Documents/PROJECT/sample-ms-php/ms-asset/public/index.php(32): App\MsAsset\Kernel->handleRequest() #8 {main} [] []
[2024-08-11T14:15:21.831622+00:00] ms-asset.ERROR: Error: Unknown named parameter $id in /Users/andis/Documents/PROJECT/sample-ms-php/ms-asset/config/Router.php:58 Stack trace: #0 /Users/andis/Documents/PROJECT/sample-ms-php/ms-asset/config/Router.php(58): call_user_func_array(Array, Array) #1 /Users/andis/Documents/PROJECT/sample-ms-php/common/Middleware/AuthMiddleware.php(44): App\MsAsset\Config\Router->App\MsAsset\Config\{closure}(Array, Array) #2 [internal function]: App\Middleware\AuthMiddleware->handle(Array, Object(Closure)) #3 /Users/andis/Documents/PROJECT/sample-ms-php/ms-asset/config/Router.php(57): call_user_func_array(Array, Array) #4 [internal function]: App\MsAsset\Config\Router->App\MsAsset\Config\{closure}(id: '1') #5 /Users/andis/Documents/PROJECT/sample-ms-php/ms-asset/config/Router.php(46): call_user_func_array(Object(Closure), Array) #6 /Users/andis/Documents/PROJECT/sample-ms-php/ms-asset/src/Kernel.php(43): App\MsAsset\Config\Router->matchAndDispatch() #7 /Users/andis/Documents/PROJECT/sample-ms-php/ms-asset/public/index.php(32): App\MsAsset\Kernel->handleRequest() #8 {main} [] []
[2024-08-11T14:16:31.440141+00:00] ms-asset.ERROR: Error: Unknown named parameter $id in /Users/andis/Documents/PROJECT/sample-ms-php/ms-asset/config/Router.php:58 Stack trace: #0 /Users/andis/Documents/PROJECT/sample-ms-php/ms-asset/config/Router.php(58): call_user_func_array(Array, Array) #1 /Users/andis/Documents/PROJECT/sample-ms-php/common/Middleware/AuthMiddleware.php(45): App\MsAsset\Config\Router->App\MsAsset\Config\{closure}(Array, Array) #2 [internal function]: App\Middleware\AuthMiddleware->handle(Array, Object(Closure)) #3 /Users/andis/Documents/PROJECT/sample-ms-php/ms-asset/config/Router.php(57): call_user_func_array(Array, Array) #4 [internal function]: App\MsAsset\Config\Router->App\MsAsset\Config\{closure}(id: '1') #5 /Users/andis/Documents/PROJECT/sample-ms-php/ms-asset/config/Router.php(46): call_user_func_array(Object(Closure), Array) #6 /Users/andis/Documents/PROJECT/sample-ms-php/ms-asset/src/Kernel.php(43): App\MsAsset\Config\Router->matchAndDispatch() #7 /Users/andis/Documents/PROJECT/sample-ms-php/ms-asset/public/index.php(32): App\MsAsset\Kernel->handleRequest() #8 {main} [] []
[2024-08-11T14:17:58.277826+00:00] ms-asset.ERROR: Error: Unknown named parameter $id in /Users/andis/Documents/PROJECT/sample-ms-php/ms-asset/config/Router.php:58 Stack trace: #0 /Users/andis/Documents/PROJECT/sample-ms-php/ms-asset/config/Router.php(58): call_user_func_array(Array, Array) #1 /Users/andis/Documents/PROJECT/sample-ms-php/common/Middleware/AuthMiddleware.php(45): App\MsAsset\Config\Router->App\MsAsset\Config\{closure}(Array, Array) #2 [internal function]: App\Middleware\AuthMiddleware->handle(Array, Object(Closure)) #3 /Users/andis/Documents/PROJECT/sample-ms-php/ms-asset/config/Router.php(57): call_user_func_array(Array, Array) #4 [internal function]: App\MsAsset\Config\Router->App\MsAsset\Config\{closure}(id: '1') #5 /Users/andis/Documents/PROJECT/sample-ms-php/ms-asset/config/Router.php(46): call_user_func_array(Object(Closure), Array) #6 /Users/andis/Documents/PROJECT/sample-ms-php/ms-asset/src/Kernel.php(43): App\MsAsset\Config\Router->matchAndDispatch() #7 /Users/andis/Documents/PROJECT/sample-ms-php/ms-asset/public/index.php(32): App\MsAsset\Kernel->handleRequest() #8 {main} [] []
[2024-08-11T14:18:05.943325+00:00] ms-asset.ERROR: Error: Unknown named parameter $id in /Users/andis/Documents/PROJECT/sample-ms-php/ms-asset/config/Router.php:58 Stack trace: #0 /Users/andis/Documents/PROJECT/sample-ms-php/ms-asset/config/Router.php(58): call_user_func_array(Array, Array) #1 /Users/andis/Documents/PROJECT/sample-ms-php/common/Middleware/AuthMiddleware.php(45): App\MsAsset\Config\Router->App\MsAsset\Config\{closure}(Array, Array) #2 [internal function]: App\Middleware\AuthMiddleware->handle(Array, Object(Closure)) #3 /Users/andis/Documents/PROJECT/sample-ms-php/ms-asset/config/Router.php(57): call_user_func_array(Array, Array) #4 [internal function]: App\MsAsset\Config\Router->App\MsAsset\Config\{closure}(id: '1') #5 /Users/andis/Documents/PROJECT/sample-ms-php/ms-asset/config/Router.php(46): call_user_func_array(Object(Closure), Array) #6 /Users/andis/Documents/PROJECT/sample-ms-php/ms-asset/src/Kernel.php(43): App\MsAsset\Config\Router->matchAndDispatch() #7 /Users/andis/Documents/PROJECT/sample-ms-php/ms-asset/public/index.php(32): App\MsAsset\Kernel->handleRequest() #8 {main} [] []
[2024-08-11T14:18:25.004382+00:00] ms-asset.ERROR: Error: Unknown named parameter $id in /Users/andis/Documents/PROJECT/sample-ms-php/ms-asset/config/Router.php:58 Stack trace: #0 /Users/andis/Documents/PROJECT/sample-ms-php/ms-asset/config/Router.php(58): call_user_func_array(Array, Array) #1 /Users/andis/Documents/PROJECT/sample-ms-php/common/Middleware/AuthMiddleware.php(45): App\MsAsset\Config\Router->App\MsAsset\Config\{closure}(Array, Array) #2 [internal function]: App\Middleware\AuthMiddleware->handle(Array, Object(Closure)) #3 /Users/andis/Documents/PROJECT/sample-ms-php/ms-asset/config/Router.php(57): call_user_func_array(Array, Array) #4 [internal function]: App\MsAsset\Config\Router->App\MsAsset\Config\{closure}(id: '1') #5 /Users/andis/Documents/PROJECT/sample-ms-php/ms-asset/config/Router.php(46): call_user_func_array(Object(Closure), Array) #6 /Users/andis/Documents/PROJECT/sample-ms-php/ms-asset/src/Kernel.php(43): App\MsAsset\Config\Router->matchAndDispatch() #7 /Users/andis/Documents/PROJECT/sample-ms-php/ms-asset/public/index.php(32): App\MsAsset\Kernel->handleRequest() #8 {main} [] []
[2024-08-11T14:18:25.005125+00:00] ms-asset.ERROR: ErrorException: Uncaught ErrorException: http_response_code(): Cannot set response code - headers already sent (output started at /Users/andis/Documents/PROJECT/sample-ms-php/common/Middleware/AuthMiddleware.php:21) in /Users/andis/Documents/PROJECT/sample-ms-php/common/Middleware/ErrorHandler.php:13 Stack trace: #0 [internal function]: {closure}(2, 'http_response_c...', '/Users/andis/Do...', 13) #1 /Users/andis/Documents/PROJECT/sample-ms-php/common/Middleware/ErrorHandler.php(13): http_response_code(500) #2 /Users/andis/Documents/PROJECT/sample-ms-php/ms-asset/public/index.php(19): App\Middleware\ErrorHandler::handle(Object(Error)) #3 [internal function]: {closure}(Object(Error)) #4 {main}   thrown in /Users/andis/Documents/PROJECT/sample-ms-php/common/Middleware/ErrorHandler.php:13 Stack trace: #0 [internal function]: {closure}() #1 {main} [] []
[2024-08-11T14:18:39.465203+00:00] ms-asset.ERROR: Error: Unknown named parameter $id in /Users/andis/Documents/PROJECT/sample-ms-php/ms-asset/config/Router.php:58 Stack trace: #0 /Users/andis/Documents/PROJECT/sample-ms-php/ms-asset/config/Router.php(58): call_user_func_array(Array, Array) #1 /Users/andis/Documents/PROJECT/sample-ms-php/common/Middleware/AuthMiddleware.php(45): App\MsAsset\Config\Router->App\MsAsset\Config\{closure}(Array, Array) #2 [internal function]: App\Middleware\AuthMiddleware->handle(Array, Object(Closure)) #3 /Users/andis/Documents/PROJECT/sample-ms-php/ms-asset/config/Router.php(57): call_user_func_array(Array, Array) #4 [internal function]: App\MsAsset\Config\Router->App\MsAsset\Config\{closure}(id: '1') #5 /Users/andis/Documents/PROJECT/sample-ms-php/ms-asset/config/Router.php(46): call_user_func_array(Object(Closure), Array) #6 /Users/andis/Documents/PROJECT/sample-ms-php/ms-asset/src/Kernel.php(43): App\MsAsset\Config\Router->matchAndDispatch() #7 /Users/andis/Documents/PROJECT/sample-ms-php/ms-asset/public/index.php(32): App\MsAsset\Kernel->handleRequest() #8 {main} [] []
[2024-08-11T14:20:28.533013+00:00] ms-asset.ERROR: Error: Unknown named parameter $id in /Users/andis/Documents/PROJECT/sample-ms-php/ms-asset/config/Router.php:59 Stack trace: #0 /Users/andis/Documents/PROJECT/sample-ms-php/ms-asset/config/Router.php(59): call_user_func_array(Array, Array) #1 /Users/andis/Documents/PROJECT/sample-ms-php/common/Middleware/AuthMiddleware.php(44): App\MsAsset\Config\Router->App\MsAsset\Config\{closure}(Array, Array) #2 [internal function]: App\Middleware\AuthMiddleware->handle(Array, Object(Closure)) #3 /Users/andis/Documents/PROJECT/sample-ms-php/ms-asset/config/Router.php(58): call_user_func_array(Array, Array) #4 [internal function]: App\MsAsset\Config\Router->App\MsAsset\Config\{closure}(id: '1') #5 /Users/andis/Documents/PROJECT/sample-ms-php/ms-asset/config/Router.php(46): call_user_func_array(Object(Closure), Array) #6 /Users/andis/Documents/PROJECT/sample-ms-php/ms-asset/src/Kernel.php(43): App\MsAsset\Config\Router->matchAndDispatch() #7 /Users/andis/Documents/PROJECT/sample-ms-php/ms-asset/public/index.php(32): App\MsAsset\Kernel->handleRequest() #8 {main} [] []
[2024-08-11T14:22:09.767751+00:00] ms-asset.ERROR: Error: Unknown named parameter $id in /Users/andis/Documents/PROJECT/sample-ms-php/ms-asset/config/Router.php:59 Stack trace: #0 /Users/andis/Documents/PROJECT/sample-ms-php/ms-asset/config/Router.php(59): call_user_func_array(Array, Array) #1 /Users/andis/Documents/PROJECT/sample-ms-php/common/Middleware/AuthMiddleware.php(44): App\MsAsset\Config\Router->App\MsAsset\Config\{closure}(Array, Array, Array) #2 [internal function]: App\Middleware\AuthMiddleware->handle(Array, Object(Closure), Array) #3 /Users/andis/Documents/PROJECT/sample-ms-php/ms-asset/config/Router.php(58): call_user_func_array(Array, Array) #4 [internal function]: App\MsAsset\Config\Router->App\MsAsset\Config\{closure}(id: '1') #5 /Users/andis/Documents/PROJECT/sample-ms-php/ms-asset/config/Router.php(46): call_user_func_array(Object(Closure), Array) #6 /Users/andis/Documents/PROJECT/sample-ms-php/ms-asset/src/Kernel.php(43): App\MsAsset\Config\Router->matchAndDispatch() #7 /Users/andis/Documents/PROJECT/sample-ms-php/ms-asset/public/index.php(32): App\MsAsset\Kernel->handleRequest() #8 {main} [] []
[2024-08-11T14:22:18.191363+00:00] ms-asset.ERROR: Error: Unknown named parameter $id in /Users/andis/Documents/PROJECT/sample-ms-php/ms-asset/config/Router.php:58 Stack trace: #0 /Users/andis/Documents/PROJECT/sample-ms-php/ms-asset/config/Router.php(58): call_user_func_array(Array, Array) #1 /Users/andis/Documents/PROJECT/sample-ms-php/common/Middleware/AuthMiddleware.php(44): App\MsAsset\Config\Router->App\MsAsset\Config\{closure}(Array, Array) #2 [internal function]: App\Middleware\AuthMiddleware->handle(Array, Object(Closure)) #3 /Users/andis/Documents/PROJECT/sample-ms-php/ms-asset/config/Router.php(57): call_user_func_array(Array, Array) #4 [internal function]: App\MsAsset\Config\Router->App\MsAsset\Config\{closure}(id: '1') #5 /Users/andis/Documents/PROJECT/sample-ms-php/ms-asset/config/Router.php(46): call_user_func_array(Object(Closure), Array) #6 /Users/andis/Documents/PROJECT/sample-ms-php/ms-asset/src/Kernel.php(43): App\MsAsset\Config\Router->matchAndDispatch() #7 /Users/andis/Documents/PROJECT/sample-ms-php/ms-asset/public/index.php(32): App\MsAsset\Kernel->handleRequest() #8 {main} [] []
[2024-08-11T14:22:35.893190+00:00] ms-asset.ERROR: Error: Unknown named parameter $id in /Users/andis/Documents/PROJECT/sample-ms-php/ms-asset/config/Router.php:58 Stack trace: #0 /Users/andis/Documents/PROJECT/sample-ms-php/ms-asset/config/Router.php(58): call_user_func_array(Array, Array) #1 /Users/andis/Documents/PROJECT/sample-ms-php/common/Middleware/AuthMiddleware.php(45): App\MsAsset\Config\Router->App\MsAsset\Config\{closure}(Array, Array) #2 [internal function]: App\Middleware\AuthMiddleware->handle(Array, Object(Closure)) #3 /Users/andis/Documents/PROJECT/sample-ms-php/ms-asset/config/Router.php(57): call_user_func_array(Array, Array) #4 [internal function]: App\MsAsset\Config\Router->App\MsAsset\Config\{closure}(id: '1') #5 /Users/andis/Documents/PROJECT/sample-ms-php/ms-asset/config/Router.php(46): call_user_func_array(Object(Closure), Array) #6 /Users/andis/Documents/PROJECT/sample-ms-php/ms-asset/src/Kernel.php(43): App\MsAsset\Config\Router->matchAndDispatch() #7 /Users/andis/Documents/PROJECT/sample-ms-php/ms-asset/public/index.php(32): App\MsAsset\Kernel->handleRequest() #8 {main} [] []
[2024-08-11T14:22:52.101545+00:00] ms-asset.ERROR: Error: Unknown named parameter $id in /Users/andis/Documents/PROJECT/sample-ms-php/ms-asset/config/Router.php:59 Stack trace: #0 /Users/andis/Documents/PROJECT/sample-ms-php/ms-asset/config/Router.php(59): call_user_func_array(Array, Array) #1 /Users/andis/Documents/PROJECT/sample-ms-php/common/Middleware/AuthMiddleware.php(44): App\MsAsset\Config\Router->App\MsAsset\Config\{closure}(Array, Array) #2 [internal function]: App\Middleware\AuthMiddleware->handle(Array, Object(Closure)) #3 /Users/andis/Documents/PROJECT/sample-ms-php/ms-asset/config/Router.php(58): call_user_func_array(Array, Array) #4 [internal function]: App\MsAsset\Config\Router->App\MsAsset\Config\{closure}(id: '1') #5 /Users/andis/Documents/PROJECT/sample-ms-php/ms-asset/config/Router.php(46): call_user_func_array(Object(Closure), Array) #6 /Users/andis/Documents/PROJECT/sample-ms-php/ms-asset/src/Kernel.php(43): App\MsAsset\Config\Router->matchAndDispatch() #7 /Users/andis/Documents/PROJECT/sample-ms-php/ms-asset/public/index.php(32): App\MsAsset\Kernel->handleRequest() #8 {main} [] []
[2024-08-11T14:23:46.374645+00:00] app.ERROR: ErrorException: Cannot use lexical variable $params as a parameter name in /Users/andis/Documents/PROJECT/sample-ms-php/ms-asset/config/Router.php:58 Stack trace: #0 [internal function]: {closure}() #1 {main} [] []
[2024-08-11T14:24:11.237274+00:00] ms-asset.ERROR: Error: Unknown named parameter $id in /Users/andis/Documents/PROJECT/sample-ms-php/ms-asset/config/Router.php:59 Stack trace: #0 /Users/andis/Documents/PROJECT/sample-ms-php/ms-asset/config/Router.php(59): call_user_func_array(Array, Array) #1 /Users/andis/Documents/PROJECT/sample-ms-php/common/Middleware/AuthMiddleware.php(45): App\MsAsset\Config\Router->App\MsAsset\Config\{closure}(Array, Array) #2 [internal function]: App\Middleware\AuthMiddleware->handle(Array, Object(Closure)) #3 /Users/andis/Documents/PROJECT/sample-ms-php/ms-asset/config/Router.php(58): call_user_func_array(Array, Array) #4 [internal function]: App\MsAsset\Config\Router->App\MsAsset\Config\{closure}(id: '1') #5 /Users/andis/Documents/PROJECT/sample-ms-php/ms-asset/config/Router.php(46): call_user_func_array(Object(Closure), Array) #6 /Users/andis/Documents/PROJECT/sample-ms-php/ms-asset/src/Kernel.php(43): App\MsAsset\Config\Router->matchAndDispatch() #7 /Users/andis/Documents/PROJECT/sample-ms-php/ms-asset/public/index.php(32): App\MsAsset\Kernel->handleRequest() #8 {main} [] []
[2024-08-11T14:24:29.485973+00:00] ms-asset.ERROR: Error: Unknown named parameter $id in /Users/andis/Documents/PROJECT/sample-ms-php/ms-asset/config/Router.php:59 Stack trace: #0 /Users/andis/Documents/PROJECT/sample-ms-php/ms-asset/config/Router.php(59): call_user_func_array(Array, Array) #1 /Users/andis/Documents/PROJECT/sample-ms-php/common/Middleware/AuthMiddleware.php(45): App\MsAsset\Config\Router->App\MsAsset\Config\{closure}(Array, Array, Array) #2 [internal function]: App\Middleware\AuthMiddleware->handle(Array, Object(Closure), Array) #3 /Users/andis/Documents/PROJECT/sample-ms-php/ms-asset/config/Router.php(58): call_user_func_array(Array, Array) #4 [internal function]: App\MsAsset\Config\Router->App\MsAsset\Config\{closure}(id: '1') #5 /Users/andis/Documents/PROJECT/sample-ms-php/ms-asset/config/Router.php(46): call_user_func_array(Object(Closure), Array) #6 /Users/andis/Documents/PROJECT/sample-ms-php/ms-asset/src/Kernel.php(43): App\MsAsset\Config\Router->matchAndDispatch() #7 /Users/andis/Documents/PROJECT/sample-ms-php/ms-asset/public/index.php(32): App\MsAsset\Kernel->handleRequest() #8 {main} [] []
[2024-08-11T14:25:22.968469+00:00] ms-asset.ERROR: Error: Unknown named parameter $id in /Users/andis/Documents/PROJECT/sample-ms-php/ms-asset/config/Router.php:59 Stack trace: #0 /Users/andis/Documents/PROJECT/sample-ms-php/ms-asset/config/Router.php(59): call_user_func_array(Array, Array) #1 /Users/andis/Documents/PROJECT/sample-ms-php/common/Middleware/AuthMiddleware.php(45): App\MsAsset\Config\Router->App\MsAsset\Config\{closure}(Array, Array, id: '1') #2 [internal function]: App\Middleware\AuthMiddleware->handle(Array, Object(Closure), Array) #3 /Users/andis/Documents/PROJECT/sample-ms-php/ms-asset/config/Router.php(58): call_user_func_array(Array, Array) #4 [internal function]: App\MsAsset\Config\Router->App\MsAsset\Config\{closure}(id: '1') #5 /Users/andis/Documents/PROJECT/sample-ms-php/ms-asset/config/Router.php(46): call_user_func_array(Object(Closure), Array) #6 /Users/andis/Documents/PROJECT/sample-ms-php/ms-asset/src/Kernel.php(43): App\MsAsset\Config\Router->matchAndDispatch() #7 /Users/andis/Documents/PROJECT/sample-ms-php/ms-asset/public/index.php(32): App\MsAsset\Kernel->handleRequest() #8 {main} [] []
[2024-08-11T14:25:43.643457+00:00] ms-asset.ERROR: Error: Unknown named parameter $id in /Users/andis/Documents/PROJECT/sample-ms-php/ms-asset/config/Router.php:59 Stack trace: #0 /Users/andis/Documents/PROJECT/sample-ms-php/ms-asset/config/Router.php(59): call_user_func_array(Array, Array) #1 /Users/andis/Documents/PROJECT/sample-ms-php/common/Middleware/AuthMiddleware.php(45): App\MsAsset\Config\Router->App\MsAsset\Config\{closure}(Array, Array, id: '1') #2 [internal function]: App\Middleware\AuthMiddleware->handle(Array, Object(Closure), Array) #3 /Users/andis/Documents/PROJECT/sample-ms-php/ms-asset/config/Router.php(58): call_user_func_array(Array, Array) #4 [internal function]: App\MsAsset\Config\Router->App\MsAsset\Config\{closure}(id: '1') #5 /Users/andis/Documents/PROJECT/sample-ms-php/ms-asset/config/Router.php(46): call_user_func_array(Object(Closure), Array) #6 /Users/andis/Documents/PROJECT/sample-ms-php/ms-asset/src/Kernel.php(43): App\MsAsset\Config\Router->matchAndDispatch() #7 /Users/andis/Documents/PROJECT/sample-ms-php/ms-asset/public/index.php(32): App\MsAsset\Kernel->handleRequest() #8 {main} [] []
[2024-08-11T14:26:02.486735+00:00] ms-asset.ERROR: Error: Unknown named parameter $id in /Users/andis/Documents/PROJECT/sample-ms-php/ms-asset/config/Router.php:59 Stack trace: #0 /Users/andis/Documents/PROJECT/sample-ms-php/ms-asset/config/Router.php(59): call_user_func_array(Array, Array) #1 /Users/andis/Documents/PROJECT/sample-ms-php/common/Middleware/AuthMiddleware.php(44): App\MsAsset\Config\Router->App\MsAsset\Config\{closure}(Array, Array, Array) #2 [internal function]: App\Middleware\AuthMiddleware->handle(Array, Object(Closure), Array) #3 /Users/andis/Documents/PROJECT/sample-ms-php/ms-asset/config/Router.php(58): call_user_func_array(Array, Array) #4 [internal function]: App\MsAsset\Config\Router->App\MsAsset\Config\{closure}(id: '1') #5 /Users/andis/Documents/PROJECT/sample-ms-php/ms-asset/config/Router.php(46): call_user_func_array(Object(Closure), Array) #6 /Users/andis/Documents/PROJECT/sample-ms-php/ms-asset/src/Kernel.php(43): App\MsAsset\Config\Router->matchAndDispatch() #7 /Users/andis/Documents/PROJECT/sample-ms-php/ms-asset/public/index.php(32): App\MsAsset\Kernel->handleRequest() #8 {main} [] []
[2024-08-11T14:26:15.957713+00:00] ms-asset.ERROR: Error: Unknown named parameter $id in /Users/andis/Documents/PROJECT/sample-ms-php/ms-asset/config/Router.php:59 Stack trace: #0 /Users/andis/Documents/PROJECT/sample-ms-php/ms-asset/config/Router.php(59): call_user_func_array(Array, Array) #1 /Users/andis/Documents/PROJECT/sample-ms-php/common/Middleware/AuthMiddleware.php(45): App\MsAsset\Config\Router->App\MsAsset\Config\{closure}(Array, Array, Array) #2 [internal function]: App\Middleware\AuthMiddleware->handle(Array, Object(Closure), Array) #3 /Users/andis/Documents/PROJECT/sample-ms-php/ms-asset/config/Router.php(58): call_user_func_array(Array, Array) #4 [internal function]: App\MsAsset\Config\Router->App\MsAsset\Config\{closure}(id: '1') #5 /Users/andis/Documents/PROJECT/sample-ms-php/ms-asset/config/Router.php(46): call_user_func_array(Object(Closure), Array) #6 /Users/andis/Documents/PROJECT/sample-ms-php/ms-asset/src/Kernel.php(43): App\MsAsset\Config\Router->matchAndDispatch() #7 /Users/andis/Documents/PROJECT/sample-ms-php/ms-asset/public/index.php(32): App\MsAsset\Kernel->handleRequest() #8 {main} [] []
[2024-08-11T14:27:38.278660+00:00] ms-asset.ERROR: Error: Unknown named parameter $id in /Users/andis/Documents/PROJECT/sample-ms-php/ms-asset/config/Router.php:58 Stack trace: #0 /Users/andis/Documents/PROJECT/sample-ms-php/ms-asset/config/Router.php(58): call_user_func_array(Array, Array) #1 /Users/andis/Documents/PROJECT/sample-ms-php/common/Middleware/AuthMiddleware.php(44): App\MsAsset\Config\Router->App\MsAsset\Config\{closure}(Array, Array, Array) #2 [internal function]: App\Middleware\AuthMiddleware->handle(Array, Object(Closure), Array) #3 /Users/andis/Documents/PROJECT/sample-ms-php/ms-asset/config/Router.php(57): call_user_func_array(Array, Array) #4 [internal function]: App\MsAsset\Config\Router->App\MsAsset\Config\{closure}(id: '1') #5 /Users/andis/Documents/PROJECT/sample-ms-php/ms-asset/config/Router.php(46): call_user_func_array(Object(Closure), Array) #6 /Users/andis/Documents/PROJECT/sample-ms-php/ms-asset/src/Kernel.php(43): App\MsAsset\Config\Router->matchAndDispatch() #7 /Users/andis/Documents/PROJECT/sample-ms-php/ms-asset/public/index.php(32): App\MsAsset\Kernel->handleRequest() #8 {main} [] []
[2024-08-11T14:28:00.484720+00:00] ms-asset.ERROR: Error: Unknown named parameter $id in /Users/andis/Documents/PROJECT/sample-ms-php/ms-asset/config/Router.php:58 Stack trace: #0 /Users/andis/Documents/PROJECT/sample-ms-php/ms-asset/config/Router.php(58): call_user_func_array(Array, Array) #1 /Users/andis/Documents/PROJECT/sample-ms-php/common/Middleware/AuthMiddleware.php(45): App\MsAsset\Config\Router->App\MsAsset\Config\{closure}(Array, Array, Array) #2 [internal function]: App\Middleware\AuthMiddleware->handle(Array, Object(Closure), Array) #3 /Users/andis/Documents/PROJECT/sample-ms-php/ms-asset/config/Router.php(57): call_user_func_array(Array, Array) #4 [internal function]: App\MsAsset\Config\Router->App\MsAsset\Config\{closure}(id: '1') #5 /Users/andis/Documents/PROJECT/sample-ms-php/ms-asset/config/Router.php(46): call_user_func_array(Object(Closure), Array) #6 /Users/andis/Documents/PROJECT/sample-ms-php/ms-asset/src/Kernel.php(43): App\MsAsset\Config\Router->matchAndDispatch() #7 /Users/andis/Documents/PROJECT/sample-ms-php/ms-asset/public/index.php(32): App\MsAsset\Kernel->handleRequest() #8 {main} [] []
[2024-08-11T14:28:07.165358+00:00] ms-asset.ERROR: Error: Unknown named parameter $id in /Users/andis/Documents/PROJECT/sample-ms-php/ms-asset/config/Router.php:58 Stack trace: #0 /Users/andis/Documents/PROJECT/sample-ms-php/ms-asset/config/Router.php(58): call_user_func_array(Array, Array) #1 /Users/andis/Documents/PROJECT/sample-ms-php/common/Middleware/AuthMiddleware.php(45): App\MsAsset\Config\Router->App\MsAsset\Config\{closure}(Array, Array, Array) #2 [internal function]: App\Middleware\AuthMiddleware->handle(Array, Object(Closure), Array) #3 /Users/andis/Documents/PROJECT/sample-ms-php/ms-asset/config/Router.php(57): call_user_func_array(Array, Array) #4 [internal function]: App\MsAsset\Config\Router->App\MsAsset\Config\{closure}(id: '1') #5 /Users/andis/Documents/PROJECT/sample-ms-php/ms-asset/config/Router.php(46): call_user_func_array(Object(Closure), Array) #6 /Users/andis/Documents/PROJECT/sample-ms-php/ms-asset/src/Kernel.php(43): App\MsAsset\Config\Router->matchAndDispatch() #7 /Users/andis/Documents/PROJECT/sample-ms-php/ms-asset/public/index.php(32): App\MsAsset\Kernel->handleRequest() #8 {main} [] []
[2024-08-11T14:28:29.434867+00:00] ms-asset.ERROR: Error: Unknown named parameter $id in /Users/andis/Documents/PROJECT/sample-ms-php/common/Middleware/AuthMiddleware.php:44 Stack trace: #0 [internal function]: App\Middleware\AuthMiddleware->handle(Array, Object(Closure), Array) #1 /Users/andis/Documents/PROJECT/sample-ms-php/ms-asset/config/Router.php(57): call_user_func_array(Array, Array) #2 [internal function]: App\MsAsset\Config\Router->App\MsAsset\Config\{closure}(id: '1') #3 /Users/andis/Documents/PROJECT/sample-ms-php/ms-asset/config/Router.php(46): call_user_func_array(Object(Closure), Array) #4 /Users/andis/Documents/PROJECT/sample-ms-php/ms-asset/src/Kernel.php(43): App\MsAsset\Config\Router->matchAndDispatch() #5 /Users/andis/Documents/PROJECT/sample-ms-php/ms-asset/public/index.php(32): App\MsAsset\Kernel->handleRequest() #6 {main} [] []
[2024-08-11T14:28:30.609126+00:00] ms-asset.ERROR: Error: Unknown named parameter $id in /Users/andis/Documents/PROJECT/sample-ms-php/common/Middleware/AuthMiddleware.php:44 Stack trace: #0 [internal function]: App\Middleware\AuthMiddleware->handle(Array, Object(Closure), Array) #1 /Users/andis/Documents/PROJECT/sample-ms-php/ms-asset/config/Router.php(57): call_user_func_array(Array, Array) #2 [internal function]: App\MsAsset\Config\Router->App\MsAsset\Config\{closure}(id: '1') #3 /Users/andis/Documents/PROJECT/sample-ms-php/ms-asset/config/Router.php(46): call_user_func_array(Object(Closure), Array) #4 /Users/andis/Documents/PROJECT/sample-ms-php/ms-asset/src/Kernel.php(43): App\MsAsset\Config\Router->matchAndDispatch() #5 /Users/andis/Documents/PROJECT/sample-ms-php/ms-asset/public/index.php(32): App\MsAsset\Kernel->handleRequest() #6 {main} [] []
[2024-08-11T14:28:31.327008+00:00] ms-asset.ERROR: Error: Unknown named parameter $id in /Users/andis/Documents/PROJECT/sample-ms-php/common/Middleware/AuthMiddleware.php:44 Stack trace: #0 [internal function]: App\Middleware\AuthMiddleware->handle(Array, Object(Closure), Array) #1 /Users/andis/Documents/PROJECT/sample-ms-php/ms-asset/config/Router.php(57): call_user_func_array(Array, Array) #2 [internal function]: App\MsAsset\Config\Router->App\MsAsset\Config\{closure}(id: '1') #3 /Users/andis/Documents/PROJECT/sample-ms-php/ms-asset/config/Router.php(46): call_user_func_array(Object(Closure), Array) #4 /Users/andis/Documents/PROJECT/sample-ms-php/ms-asset/src/Kernel.php(43): App\MsAsset\Config\Router->matchAndDispatch() #5 /Users/andis/Documents/PROJECT/sample-ms-php/ms-asset/public/index.php(32): App\MsAsset\Kernel->handleRequest() #6 {main} [] []
[2024-08-11T14:28:38.140557+00:00] ms-asset.ERROR: Error: Unknown named parameter $id in /Users/andis/Documents/PROJECT/sample-ms-php/common/Middleware/AuthMiddleware.php:44 Stack trace: #0 [internal function]: App\Middleware\AuthMiddleware->handle(Array, Object(Closure), Array) #1 /Users/andis/Documents/PROJECT/sample-ms-php/ms-asset/config/Router.php(57): call_user_func_array(Array, Array) #2 [internal function]: App\MsAsset\Config\Router->App\MsAsset\Config\{closure}(id: '1') #3 /Users/andis/Documents/PROJECT/sample-ms-php/ms-asset/config/Router.php(46): call_user_func_array(Object(Closure), Array) #4 /Users/andis/Documents/PROJECT/sample-ms-php/ms-asset/src/Kernel.php(43): App\MsAsset\Config\Router->matchAndDispatch() #5 /Users/andis/Documents/PROJECT/sample-ms-php/ms-asset/public/index.php(32): App\MsAsset\Kernel->handleRequest() #6 {main} [] []
[2024-08-11T14:28:44.304311+00:00] ms-auth.ERROR: ArgumentCountError: Too few arguments to function App\Middleware\AuthMiddleware::handle(), 2 passed in /Users/andis/Documents/PROJECT/sample-ms-php/ms-auth/config/Router.php on line 31 and exactly 3 expected in /Users/andis/Documents/PROJECT/sample-ms-php/common/Middleware/AuthMiddleware.php:19 Stack trace: #0 /Users/andis/Documents/PROJECT/sample-ms-php/ms-auth/config/Router.php(31): App\Middleware\AuthMiddleware->handle(Array, Object(Closure)) #1 [internal function]: App\MsAuth\Config\Router->App\MsAuth\Config\{closure}() #2 /Users/andis/Documents/PROJECT/sample-ms-php/ms-auth/config/Router.php(40): call_user_func_array(Object(Closure), Array) #3 /Users/andis/Documents/PROJECT/sample-ms-php/ms-auth/src/Kernel.php(43): App\MsAuth\Config\Router->matchAndDispatch() #4 /Users/andis/Documents/PROJECT/sample-ms-php/ms-auth/public/index.php(32): App\MsAuth\Kernel->handleRequest() #5 {main} [] []
[2024-08-11T14:28:53.179924+00:00] ms-auth.ERROR: ArgumentCountError: Too few arguments to function App\Middleware\AuthMiddleware::handle(), 2 passed in /Users/andis/Documents/PROJECT/sample-ms-php/ms-auth/config/Router.php on line 31 and exactly 3 expected in /Users/andis/Documents/PROJECT/sample-ms-php/common/Middleware/AuthMiddleware.php:19 Stack trace: #0 /Users/andis/Documents/PROJECT/sample-ms-php/ms-auth/config/Router.php(31): App\Middleware\AuthMiddleware->handle(Array, Object(Closure)) #1 [internal function]: App\MsAuth\Config\Router->App\MsAuth\Config\{closure}() #2 /Users/andis/Documents/PROJECT/sample-ms-php/ms-auth/config/Router.php(40): call_user_func_array(Object(Closure), Array) #3 /Users/andis/Documents/PROJECT/sample-ms-php/ms-auth/src/Kernel.php(43): App\MsAuth\Config\Router->matchAndDispatch() #4 /Users/andis/Documents/PROJECT/sample-ms-php/ms-auth/public/index.php(32): App\MsAuth\Kernel->handleRequest() #5 {main} [] []
[2024-08-11T14:29:35.607686+00:00] ms-auth.ERROR: ArgumentCountError: Too few arguments to function App\Middleware\AuthMiddleware::handle(), 2 passed in /Users/andis/Documents/PROJECT/sample-ms-php/ms-auth/config/Router.php on line 31 and exactly 3 expected in /Users/andis/Documents/PROJECT/sample-ms-php/common/Middleware/AuthMiddleware.php:19 Stack trace: #0 /Users/andis/Documents/PROJECT/sample-ms-php/ms-auth/config/Router.php(31): App\Middleware\AuthMiddleware->handle(Array, Object(Closure)) #1 [internal function]: App\MsAuth\Config\Router->App\MsAuth\Config\{closure}() #2 /Users/andis/Documents/PROJECT/sample-ms-php/ms-auth/config/Router.php(40): call_user_func_array(Object(Closure), Array) #3 /Users/andis/Documents/PROJECT/sample-ms-php/ms-auth/src/Kernel.php(43): App\MsAuth\Config\Router->matchAndDispatch() #4 /Users/andis/Documents/PROJECT/sample-ms-php/ms-auth/public/index.php(32): App\MsAuth\Kernel->handleRequest() #5 {main} [] []
[2024-08-11T14:29:36.580438+00:00] ms-auth.ERROR: ArgumentCountError: Too few arguments to function App\Middleware\AuthMiddleware::handle(), 2 passed in /Users/andis/Documents/PROJECT/sample-ms-php/ms-auth/config/Router.php on line 31 and exactly 3 expected in /Users/andis/Documents/PROJECT/sample-ms-php/common/Middleware/AuthMiddleware.php:19 Stack trace: #0 /Users/andis/Documents/PROJECT/sample-ms-php/ms-auth/config/Router.php(31): App\Middleware\AuthMiddleware->handle(Array, Object(Closure)) #1 [internal function]: App\MsAuth\Config\Router->App\MsAuth\Config\{closure}() #2 /Users/andis/Documents/PROJECT/sample-ms-php/ms-auth/config/Router.php(40): call_user_func_array(Object(Closure), Array) #3 /Users/andis/Documents/PROJECT/sample-ms-php/ms-auth/src/Kernel.php(43): App\MsAuth\Config\Router->matchAndDispatch() #4 /Users/andis/Documents/PROJECT/sample-ms-php/ms-auth/public/index.php(32): App\MsAuth\Kernel->handleRequest() #5 {main} [] []
[2024-08-11T14:29:44.090315+00:00] ms-auth.ERROR: ArgumentCountError: Too few arguments to function App\Middleware\AuthMiddleware::handle(), 2 passed in /Users/andis/Documents/PROJECT/sample-ms-php/ms-auth/config/Router.php on line 31 and exactly 3 expected in /Users/andis/Documents/PROJECT/sample-ms-php/common/Middleware/AuthMiddleware.php:19 Stack trace: #0 /Users/andis/Documents/PROJECT/sample-ms-php/ms-auth/config/Router.php(31): App\Middleware\AuthMiddleware->handle(Array, Object(Closure)) #1 [internal function]: App\MsAuth\Config\Router->App\MsAuth\Config\{closure}() #2 /Users/andis/Documents/PROJECT/sample-ms-php/ms-auth/config/Router.php(40): call_user_func_array(Object(Closure), Array) #3 /Users/andis/Documents/PROJECT/sample-ms-php/ms-auth/src/Kernel.php(43): App\MsAuth\Config\Router->matchAndDispatch() #4 /Users/andis/Documents/PROJECT/sample-ms-php/ms-auth/public/index.php(32): App\MsAuth\Kernel->handleRequest() #5 {main} [] []
[2024-08-11T14:30:12.132971+00:00] ms-asset.ERROR: Error: Unknown named parameter $id in /Users/andis/Documents/PROJECT/sample-ms-php/ms-asset/config/Router.php:59 Stack trace: #0 /Users/andis/Documents/PROJECT/sample-ms-php/ms-asset/config/Router.php(59): call_user_func_array(Array, Array) #1 /Users/andis/Documents/PROJECT/sample-ms-php/common/Middleware/AuthMiddleware.php(44): App\MsAsset\Config\Router->App\MsAsset\Config\{closure}(Array, Array) #2 [internal function]: App\Middleware\AuthMiddleware->handle(Array, Object(Closure)) #3 /Users/andis/Documents/PROJECT/sample-ms-php/ms-asset/config/Router.php(58): call_user_func_array(Array, Array) #4 [internal function]: App\MsAsset\Config\Router->App\MsAsset\Config\{closure}(id: '1') #5 /Users/andis/Documents/PROJECT/sample-ms-php/ms-asset/config/Router.php(46): call_user_func_array(Object(Closure), Array) #6 /Users/andis/Documents/PROJECT/sample-ms-php/ms-asset/src/Kernel.php(43): App\MsAsset\Config\Router->matchAndDispatch() #7 /Users/andis/Documents/PROJECT/sample-ms-php/ms-asset/public/index.php(32): App\MsAsset\Kernel->handleRequest() #8 {main} [] []
[2024-08-11T14:30:19.193971+00:00] ms-asset.ERROR: Error: Unknown named parameter $id in /Users/andis/Documents/PROJECT/sample-ms-php/ms-asset/config/Router.php:59 Stack trace: #0 /Users/andis/Documents/PROJECT/sample-ms-php/ms-asset/config/Router.php(59): call_user_func_array(Array, Array) #1 /Users/andis/Documents/PROJECT/sample-ms-php/common/Middleware/AuthMiddleware.php(44): App\MsAsset\Config\Router->App\MsAsset\Config\{closure}(Array, Array) #2 [internal function]: App\Middleware\AuthMiddleware->handle(Array, Object(Closure)) #3 /Users/andis/Documents/PROJECT/sample-ms-php/ms-asset/config/Router.php(58): call_user_func_array(Array, Array) #4 [internal function]: App\MsAsset\Config\Router->App\MsAsset\Config\{closure}(id: '1') #5 /Users/andis/Documents/PROJECT/sample-ms-php/ms-asset/config/Router.php(46): call_user_func_array(Object(Closure), Array) #6 /Users/andis/Documents/PROJECT/sample-ms-php/ms-asset/src/Kernel.php(43): App\MsAsset\Config\Router->matchAndDispatch() #7 /Users/andis/Documents/PROJECT/sample-ms-php/ms-asset/public/index.php(32): App\MsAsset\Kernel->handleRequest() #8 {main} [] []
[2024-08-11T14:30:47.094675+00:00] ms-asset.ERROR: Error: Unknown named parameter $id in /Users/andis/Documents/PROJECT/sample-ms-php/ms-asset/config/Router.php:56 Stack trace: #0 /Users/andis/Documents/PROJECT/sample-ms-php/ms-asset/config/Router.php(56): call_user_func_array(Array, Array) #1 /Users/andis/Documents/PROJECT/sample-ms-php/common/Middleware/AuthMiddleware.php(44): App\MsAsset\Config\Router->App\MsAsset\Config\{closure}(Array, Array) #2 [internal function]: App\Middleware\AuthMiddleware->handle(Array, Object(Closure)) #3 /Users/andis/Documents/PROJECT/sample-ms-php/ms-asset/config/Router.php(55): call_user_func_array(Array, Array) #4 [internal function]: App\MsAsset\Config\Router->App\MsAsset\Config\{closure}(id: '1') #5 /Users/andis/Documents/PROJECT/sample-ms-php/ms-asset/config/Router.php(45): call_user_func_array(Object(Closure), Array) #6 /Users/andis/Documents/PROJECT/sample-ms-php/ms-asset/src/Kernel.php(43): App\MsAsset\Config\Router->matchAndDispatch() #7 /Users/andis/Documents/PROJECT/sample-ms-php/ms-asset/public/index.php(32): App\MsAsset\Kernel->handleRequest() #8 {main} [] []
[2024-08-11T14:33:18.164782+00:00] ms-asset.ERROR: TypeError: App\MsAsset\Controllers\AssetController::detailAsset(): Argument #1 ($request) must be of type array, string given, called in /Users/andis/Documents/PROJECT/sample-ms-php/ms-asset/config/Router.php on line 41 and defined in /Users/andis/Documents/PROJECT/sample-ms-php/ms-asset/src/Controllers/AssetController.php:52 Stack trace: #0 /Users/andis/Documents/PROJECT/sample-ms-php/ms-asset/config/Router.php(41): App\MsAsset\Controllers\AssetController->detailAsset('1', Array) #1 /Users/andis/Documents/PROJECT/sample-ms-php/common/Middleware/AuthMiddleware.php(44): App\MsAsset\Config\Router->App\MsAsset\Config\{closure}(Array, Array) #2 /Users/andis/Documents/PROJECT/sample-ms-php/ms-asset/config/Router.php(43): App\Middleware\AuthMiddleware->handle(Array, Object(Closure)) #3 [internal function]: App\MsAsset\Config\Router->App\MsAsset\Config\{closure}('1') #4 /Users/andis/Documents/PROJECT/sample-ms-php/ms-asset/config/Router.php(53): call_user_func_array(Object(Closure), Array) #5 /Users/andis/Documents/PROJECT/sample-ms-php/ms-asset/src/Kernel.php(43): App\MsAsset\Config\Router->matchAndDispatch() #6 /Users/andis/Documents/PROJECT/sample-ms-php/ms-asset/public/index.php(32): App\MsAsset\Kernel->handleRequest() #7 {main} [] []
[2024-08-11T14:35:53.025127+00:00] ms-asset.ERROR: Error: Unknown named parameter $id in /Users/andis/Documents/PROJECT/sample-ms-php/ms-asset/config/Router.php:65 Stack trace: #0 /Users/andis/Documents/PROJECT/sample-ms-php/ms-asset/config/Router.php(65): call_user_func_array(Array, Array) #1 /Users/andis/Documents/PROJECT/sample-ms-php/common/Middleware/AuthMiddleware.php(44): App\MsAsset\Config\Router->App\MsAsset\Config\{closure}(Array, Array) #2 [internal function]: App\Middleware\AuthMiddleware->handle(Array, Object(Closure)) #3 /Users/andis/Documents/PROJECT/sample-ms-php/ms-asset/config/Router.php(64): call_user_func_array(Array, Array) #4 [internal function]: App\MsAsset\Config\Router->App\MsAsset\Config\{closure}(id: '1') #5 /Users/andis/Documents/PROJECT/sample-ms-php/ms-asset/config/Router.php(53): call_user_func_array(Object(Closure), Array) #6 /Users/andis/Documents/PROJECT/sample-ms-php/ms-asset/src/Kernel.php(43): App\MsAsset\Config\Router->matchAndDispatch() #7 /Users/andis/Documents/PROJECT/sample-ms-php/ms-asset/public/index.php(32): App\MsAsset\Kernel->handleRequest() #8 {main} [] []
[2024-08-11T14:36:18.998016+00:00] ms-asset.ERROR: Error: Unknown named parameter $id in /Users/andis/Documents/PROJECT/sample-ms-php/ms-asset/config/Router.php:64 Stack trace: #0 /Users/andis/Documents/PROJECT/sample-ms-php/ms-asset/config/Router.php(64): call_user_func_array(Array, Array) #1 /Users/andis/Documents/PROJECT/sample-ms-php/common/Middleware/AuthMiddleware.php(44): App\MsAsset\Config\Router->App\MsAsset\Config\{closure}(Array, Array) #2 [internal function]: App\Middleware\AuthMiddleware->handle(Array, Object(Closure)) #3 /Users/andis/Documents/PROJECT/sample-ms-php/ms-asset/config/Router.php(63): call_user_func_array(Array, Array) #4 [internal function]: App\MsAsset\Config\Router->App\MsAsset\Config\{closure}(id: '1') #5 /Users/andis/Documents/PROJECT/sample-ms-php/ms-asset/config/Router.php(53): call_user_func_array(Object(Closure), Array) #6 /Users/andis/Documents/PROJECT/sample-ms-php/ms-asset/src/Kernel.php(43): App\MsAsset\Config\Router->matchAndDispatch() #7 /Users/andis/Documents/PROJECT/sample-ms-php/ms-asset/public/index.php(32): App\MsAsset\Kernel->handleRequest() #8 {main} [] []
[2024-08-11T14:37:08.546612+00:00] ms-asset.ERROR: TypeError: App\MsAsset\Controllers\AssetController::detailAsset(): Argument #1 ($request) must be of type array, string given, called in /Users/andis/Documents/PROJECT/sample-ms-php/ms-asset/config/Router.php on line 41 and defined in /Users/andis/Documents/PROJECT/sample-ms-php/ms-asset/src/Controllers/AssetController.php:52 Stack trace: #0 /Users/andis/Documents/PROJECT/sample-ms-php/ms-asset/config/Router.php(41): App\MsAsset\Controllers\AssetController->detailAsset('1', Array) #1 /Users/andis/Documents/PROJECT/sample-ms-php/common/Middleware/AuthMiddleware.php(44): App\MsAsset\Config\Router->App\MsAsset\Config\{closure}(Array, Array) #2 /Users/andis/Documents/PROJECT/sample-ms-php/ms-asset/config/Router.php(43): App\Middleware\AuthMiddleware->handle(Array, Object(Closure)) #3 [internal function]: App\MsAsset\Config\Router->App\MsAsset\Config\{closure}('1') #4 /Users/andis/Documents/PROJECT/sample-ms-php/ms-asset/config/Router.php(53): call_user_func_array(Object(Closure), Array) #5 /Users/andis/Documents/PROJECT/sample-ms-php/ms-asset/src/Kernel.php(43): App\MsAsset\Config\Router->matchAndDispatch() #6 /Users/andis/Documents/PROJECT/sample-ms-php/ms-asset/public/index.php(32): App\MsAsset\Kernel->handleRequest() #7 {main} [] []
[2024-08-11T14:37:45.149178+00:00] ms-asset.ERROR: TypeError: App\MsAsset\Controllers\AssetController::detailAsset(): Argument #1 ($request) must be of type array, string given, called in /Users/andis/Documents/PROJECT/sample-ms-php/ms-asset/config/Router.php on line 42 and defined in /Users/andis/Documents/PROJECT/sample-ms-php/ms-asset/src/Controllers/AssetController.php:52 Stack trace: #0 /Users/andis/Documents/PROJECT/sample-ms-php/ms-asset/config/Router.php(42): App\MsAsset\Controllers\AssetController->detailAsset('1', Array) #1 /Users/andis/Documents/PROJECT/sample-ms-php/common/Middleware/AuthMiddleware.php(44): App\MsAsset\Config\Router->App\MsAsset\Config\{closure}(Array, Array) #2 /Users/andis/Documents/PROJECT/sample-ms-php/ms-asset/config/Router.php(44): App\Middleware\AuthMiddleware->handle(Array, Object(Closure)) #3 [internal function]: App\MsAsset\Config\Router->App\MsAsset\Config\{closure}('1') #4 /Users/andis/Documents/PROJECT/sample-ms-php/ms-asset/config/Router.php(54): call_user_func_array(Object(Closure), Array) #5 /Users/andis/Documents/PROJECT/sample-ms-php/ms-asset/src/Kernel.php(43): App\MsAsset\Config\Router->matchAndDispatch() #6 /Users/andis/Documents/PROJECT/sample-ms-php/ms-asset/public/index.php(32): App\MsAsset\Kernel->handleRequest() #7 {main} [] []
[2024-08-11T14:43:12.582871+00:00] ms-asset.ERROR: ArgumentCountError: Too few arguments to function App\MsAsset\Controllers\AssetController::createAsset(), 0 passed and exactly 2 expected in /Users/andis/Documents/PROJECT/sample-ms-php/ms-asset/src/Controllers/AssetController.php:22 Stack trace: #0 [internal function]: App\MsAsset\Controllers\AssetController->createAsset() #1 /Users/andis/Documents/PROJECT/sample-ms-php/ms-asset/config/Router.php(61): call_user_func_array(Array, Array) #2 /Users/andis/Documents/PROJECT/sample-ms-php/common/Middleware/AuthMiddleware.php(44): App\MsAsset\Config\Router->App\MsAsset\Config\{closure}(Array, Array) #3 [internal function]: App\Middleware\AuthMiddleware->handle(Array, Object(Closure)) #4 /Users/andis/Documents/PROJECT/sample-ms-php/ms-asset/config/Router.php(60): call_user_func_array(Array, Array) #5 [internal function]: App\MsAsset\Config\Router->App\MsAsset\Config\{closure}() #6 /Users/andis/Documents/PROJECT/sample-ms-php/ms-asset/config/Router.php(50): call_user_func_array(Object(Closure), Array) #7 /Users/andis/Documents/PROJECT/sample-ms-php/ms-asset/src/Kernel.php(43): App\MsAsset\Config\Router->matchAndDispatch() #8 /Users/andis/Documents/PROJECT/sample-ms-php/ms-asset/public/index.php(32): App\MsAsset\Kernel->handleRequest() #9 {main} [] []
[2024-08-11T14:43:20.831951+00:00] ms-asset.ERROR: ArgumentCountError: Too few arguments to function App\MsAsset\Controllers\AssetController::createAsset(), 0 passed and exactly 2 expected in /Users/andis/Documents/PROJECT/sample-ms-php/ms-asset/src/Controllers/AssetController.php:22 Stack trace: #0 [internal function]: App\MsAsset\Controllers\AssetController->createAsset() #1 /Users/andis/Documents/PROJECT/sample-ms-php/ms-asset/config/Router.php(61): call_user_func_array(Array, Array) #2 /Users/andis/Documents/PROJECT/sample-ms-php/common/Middleware/AuthMiddleware.php(44): App\MsAsset\Config\Router->App\MsAsset\Config\{closure}(Array, Array) #3 [internal function]: App\Middleware\AuthMiddleware->handle(Array, Object(Closure)) #4 /Users/andis/Documents/PROJECT/sample-ms-php/ms-asset/config/Router.php(60): call_user_func_array(Array, Array) #5 [internal function]: App\MsAsset\Config\Router->App\MsAsset\Config\{closure}() #6 /Users/andis/Documents/PROJECT/sample-ms-php/ms-asset/config/Router.php(50): call_user_func_array(Object(Closure), Array) #7 /Users/andis/Documents/PROJECT/sample-ms-php/ms-asset/src/Kernel.php(43): App\MsAsset\Config\Router->matchAndDispatch() #8 /Users/andis/Documents/PROJECT/sample-ms-php/ms-asset/public/index.php(32): App\MsAsset\Kernel->handleRequest() #9 {main} [] []
[2024-08-11T14:44:26.434334+00:00] ms-asset.ERROR: ArgumentCountError: Too few arguments to function App\MsAsset\Controllers\AssetController::createAsset(), 0 passed and exactly 3 expected in /Users/andis/Documents/PROJECT/sample-ms-php/ms-asset/src/Controllers/AssetController.php:22 Stack trace: #0 [internal function]: App\MsAsset\Controllers\AssetController->createAsset() #1 /Users/andis/Documents/PROJECT/sample-ms-php/ms-asset/config/Router.php(61): call_user_func_array(Array, Array) #2 /Users/andis/Documents/PROJECT/sample-ms-php/common/Middleware/AuthMiddleware.php(44): App\MsAsset\Config\Router->App\MsAsset\Config\{closure}(Array, Array) #3 [internal function]: App\Middleware\AuthMiddleware->handle(Array, Object(Closure)) #4 /Users/andis/Documents/PROJECT/sample-ms-php/ms-asset/config/Router.php(60): call_user_func_array(Array, Array) #5 [internal function]: App\MsAsset\Config\Router->App\MsAsset\Config\{closure}() #6 /Users/andis/Documents/PROJECT/sample-ms-php/ms-asset/config/Router.php(50): call_user_func_array(Object(Closure), Array) #7 /Users/andis/Documents/PROJECT/sample-ms-php/ms-asset/src/Kernel.php(43): App\MsAsset\Config\Router->matchAndDispatch() #8 /Users/andis/Documents/PROJECT/sample-ms-php/ms-asset/public/index.php(32): App\MsAsset\Kernel->handleRequest() #9 {main} [] []
[2024-08-11T14:46:11.416324+00:00] ms-asset.ERROR: ArgumentCountError: Too few arguments to function App\Middleware\AuthMiddleware::handle(), 1 passed in /Users/andis/Documents/PROJECT/sample-ms-php/ms-asset/config/Router.php on line 59 and exactly 2 expected in /Users/andis/Documents/PROJECT/sample-ms-php/common/Middleware/AuthMiddleware.php:19 Stack trace: #0 /Users/andis/Documents/PROJECT/sample-ms-php/ms-asset/config/Router.php(59): App\Middleware\AuthMiddleware->handle(Object(Closure)) #1 [internal function]: App\MsAsset\Config\Router->App\MsAsset\Config\{closure}() #2 /Users/andis/Documents/PROJECT/sample-ms-php/ms-asset/config/Router.php(50): call_user_func_array(Object(Closure), Array) #3 /Users/andis/Documents/PROJECT/sample-ms-php/ms-asset/src/Kernel.php(43): App\MsAsset\Config\Router->matchAndDispatch() #4 /Users/andis/Documents/PROJECT/sample-ms-php/ms-asset/public/index.php(32): App\MsAsset\Kernel->handleRequest() #5 {main} [] []
[2024-08-11T14:46:12.978867+00:00] ms-asset.ERROR: ArgumentCountError: Too few arguments to function App\Middleware\AuthMiddleware::handle(), 1 passed in /Users/andis/Documents/PROJECT/sample-ms-php/ms-asset/config/Router.php on line 59 and exactly 2 expected in /Users/andis/Documents/PROJECT/sample-ms-php/common/Middleware/AuthMiddleware.php:19 Stack trace: #0 /Users/andis/Documents/PROJECT/sample-ms-php/ms-asset/config/Router.php(59): App\Middleware\AuthMiddleware->handle(Object(Closure)) #1 [internal function]: App\MsAsset\Config\Router->App\MsAsset\Config\{closure}() #2 /Users/andis/Documents/PROJECT/sample-ms-php/ms-asset/config/Router.php(50): call_user_func_array(Object(Closure), Array) #3 /Users/andis/Documents/PROJECT/sample-ms-php/ms-asset/src/Kernel.php(43): App\MsAsset\Config\Router->matchAndDispatch() #4 /Users/andis/Documents/PROJECT/sample-ms-php/ms-asset/public/index.php(32): App\MsAsset\Kernel->handleRequest() #5 {main} [] []
[2024-08-11T14:46:13.591193+00:00] ms-asset.ERROR: ArgumentCountError: Too few arguments to function App\Middleware\AuthMiddleware::handle(), 1 passed in /Users/andis/Documents/PROJECT/sample-ms-php/ms-asset/config/Router.php on line 59 and exactly 2 expected in /Users/andis/Documents/PROJECT/sample-ms-php/common/Middleware/AuthMiddleware.php:19 Stack trace: #0 /Users/andis/Documents/PROJECT/sample-ms-php/ms-asset/config/Router.php(59): App\Middleware\AuthMiddleware->handle(Object(Closure)) #1 [internal function]: App\MsAsset\Config\Router->App\MsAsset\Config\{closure}() #2 /Users/andis/Documents/PROJECT/sample-ms-php/ms-asset/config/Router.php(50): call_user_func_array(Object(Closure), Array) #3 /Users/andis/Documents/PROJECT/sample-ms-php/ms-asset/src/Kernel.php(43): App\MsAsset\Config\Router->matchAndDispatch() #4 /Users/andis/Documents/PROJECT/sample-ms-php/ms-asset/public/index.php(32): App\MsAsset\Kernel->handleRequest() #5 {main} [] []
[2024-08-11T14:46:14.673431+00:00] ms-asset.ERROR: ArgumentCountError: Too few arguments to function App\Middleware\AuthMiddleware::handle(), 1 passed in /Users/andis/Documents/PROJECT/sample-ms-php/ms-asset/config/Router.php on line 59 and exactly 2 expected in /Users/andis/Documents/PROJECT/sample-ms-php/common/Middleware/AuthMiddleware.php:19 Stack trace: #0 /Users/andis/Documents/PROJECT/sample-ms-php/ms-asset/config/Router.php(59): App\Middleware\AuthMiddleware->handle(Object(Closure)) #1 [internal function]: App\MsAsset\Config\Router->App\MsAsset\Config\{closure}() #2 /Users/andis/Documents/PROJECT/sample-ms-php/ms-asset/config/Router.php(50): call_user_func_array(Object(Closure), Array) #3 /Users/andis/Documents/PROJECT/sample-ms-php/ms-asset/src/Kernel.php(43): App\MsAsset\Config\Router->matchAndDispatch() #4 /Users/andis/Documents/PROJECT/sample-ms-php/ms-asset/public/index.php(32): App\MsAsset\Kernel->handleRequest() #5 {main} [] []
[2024-08-11T14:48:02.591938+00:00] ms-asset.ERROR: TypeError: call_user_func_array(): Argument #1 ($callback) must be a valid callback, no array or string given in /Users/andis/Documents/PROJECT/sample-ms-php/ms-asset/config/Router.php:61 Stack trace: #0 /Users/andis/Documents/PROJECT/sample-ms-php/ms-asset/config/Router.php(61): call_user_func_array(Object(App\Middleware\AuthMiddleware), Array) #1 [internal function]: App\MsAsset\Config\Router->App\MsAsset\Config\{closure}() #2 /Users/andis/Documents/PROJECT/sample-ms-php/ms-asset/config/Router.php(50): call_user_func_array(Object(Closure), Array) #3 /Users/andis/Documents/PROJECT/sample-ms-php/ms-asset/src/Kernel.php(43): App\MsAsset\Config\Router->matchAndDispatch() #4 /Users/andis/Documents/PROJECT/sample-ms-php/ms-asset/public/index.php(32): App\MsAsset\Kernel->handleRequest() #5 {main} [] []
[2024-08-11T14:48:08.052923+00:00] ms-asset.ERROR: TypeError: call_user_func_array(): Argument #1 ($callback) must be a valid callback, no array or string given in /Users/andis/Documents/PROJECT/sample-ms-php/ms-asset/config/Router.php:61 Stack trace: #0 /Users/andis/Documents/PROJECT/sample-ms-php/ms-asset/config/Router.php(61): call_user_func_array(Object(App\Middleware\AuthMiddleware), Array) #1 [internal function]: App\MsAsset\Config\Router->App\MsAsset\Config\{closure}() #2 /Users/andis/Documents/PROJECT/sample-ms-php/ms-asset/config/Router.php(50): call_user_func_array(Object(Closure), Array) #3 /Users/andis/Documents/PROJECT/sample-ms-php/ms-asset/src/Kernel.php(43): App\MsAsset\Config\Router->matchAndDispatch() #4 /Users/andis/Documents/PROJECT/sample-ms-php/ms-asset/public/index.php(32): App\MsAsset\Kernel->handleRequest() #5 {main} [] []
[2024-08-11T14:48:08.654330+00:00] ms-asset.ERROR: TypeError: call_user_func_array(): Argument #1 ($callback) must be a valid callback, no array or string given in /Users/andis/Documents/PROJECT/sample-ms-php/ms-asset/config/Router.php:61 Stack trace: #0 /Users/andis/Documents/PROJECT/sample-ms-php/ms-asset/config/Router.php(61): call_user_func_array(Object(App\Middleware\AuthMiddleware), Array) #1 [internal function]: App\MsAsset\Config\Router->App\MsAsset\Config\{closure}() #2 /Users/andis/Documents/PROJECT/sample-ms-php/ms-asset/config/Router.php(50): call_user_func_array(Object(Closure), Array) #3 /Users/andis/Documents/PROJECT/sample-ms-php/ms-asset/src/Kernel.php(43): App\MsAsset\Config\Router->matchAndDispatch() #4 /Users/andis/Documents/PROJECT/sample-ms-php/ms-asset/public/index.php(32): App\MsAsset\Kernel->handleRequest() #5 {main} [] []
[2024-08-11T14:48:09.365601+00:00] ms-asset.ERROR: TypeError: call_user_func_array(): Argument #1 ($callback) must be a valid callback, no array or string given in /Users/andis/Documents/PROJECT/sample-ms-php/ms-asset/config/Router.php:61 Stack trace: #0 /Users/andis/Documents/PROJECT/sample-ms-php/ms-asset/config/Router.php(61): call_user_func_array(Object(App\Middleware\AuthMiddleware), Array) #1 [internal function]: App\MsAsset\Config\Router->App\MsAsset\Config\{closure}() #2 /Users/andis/Documents/PROJECT/sample-ms-php/ms-asset/config/Router.php(50): call_user_func_array(Object(Closure), Array) #3 /Users/andis/Documents/PROJECT/sample-ms-php/ms-asset/src/Kernel.php(43): App\MsAsset\Config\Router->matchAndDispatch() #4 /Users/andis/Documents/PROJECT/sample-ms-php/ms-asset/public/index.php(32): App\MsAsset\Kernel->handleRequest() #5 {main} [] []
[2024-08-11T14:48:30.201503+00:00] ms-asset.ERROR: TypeError: call_user_func_array(): Argument #1 ($callback) must be a valid callback, no array or string given in /Users/andis/Documents/PROJECT/sample-ms-php/ms-asset/config/Router.php:61 Stack trace: #0 /Users/andis/Documents/PROJECT/sample-ms-php/ms-asset/config/Router.php(61): call_user_func_array(Object(App\Middleware\AuthMiddleware), Array) #1 [internal function]: App\MsAsset\Config\Router->App\MsAsset\Config\{closure}() #2 /Users/andis/Documents/PROJECT/sample-ms-php/ms-asset/config/Router.php(50): call_user_func_array(Object(Closure), Array) #3 /Users/andis/Documents/PROJECT/sample-ms-php/ms-asset/src/Kernel.php(43): App\MsAsset\Config\Router->matchAndDispatch() #4 /Users/andis/Documents/PROJECT/sample-ms-php/ms-asset/public/index.php(32): App\MsAsset\Kernel->handleRequest() #5 {main} [] []
[2024-08-11T14:48:31.188691+00:00] ms-asset.ERROR: TypeError: call_user_func_array(): Argument #1 ($callback) must be a valid callback, no array or string given in /Users/andis/Documents/PROJECT/sample-ms-php/ms-asset/config/Router.php:61 Stack trace: #0 /Users/andis/Documents/PROJECT/sample-ms-php/ms-asset/config/Router.php(61): call_user_func_array(Object(App\Middleware\AuthMiddleware), Array) #1 [internal function]: App\MsAsset\Config\Router->App\MsAsset\Config\{closure}() #2 /Users/andis/Documents/PROJECT/sample-ms-php/ms-asset/config/Router.php(50): call_user_func_array(Object(Closure), Array) #3 /Users/andis/Documents/PROJECT/sample-ms-php/ms-asset/src/Kernel.php(43): App\MsAsset\Config\Router->matchAndDispatch() #4 /Users/andis/Documents/PROJECT/sample-ms-php/ms-asset/public/index.php(32): App\MsAsset\Kernel->handleRequest() #5 {main} [] []
[2024-08-11T14:48:31.604739+00:00] ms-asset.ERROR: TypeError: call_user_func_array(): Argument #1 ($callback) must be a valid callback, no array or string given in /Users/andis/Documents/PROJECT/sample-ms-php/ms-asset/config/Router.php:61 Stack trace: #0 /Users/andis/Documents/PROJECT/sample-ms-php/ms-asset/config/Router.php(61): call_user_func_array(Object(App\Middleware\AuthMiddleware), Array) #1 [internal function]: App\MsAsset\Config\Router->App\MsAsset\Config\{closure}() #2 /Users/andis/Documents/PROJECT/sample-ms-php/ms-asset/config/Router.php(50): call_user_func_array(Object(Closure), Array) #3 /Users/andis/Documents/PROJECT/sample-ms-php/ms-asset/src/Kernel.php(43): App\MsAsset\Config\Router->matchAndDispatch() #4 /Users/andis/Documents/PROJECT/sample-ms-php/ms-asset/public/index.php(32): App\MsAsset\Kernel->handleRequest() #5 {main} [] []
[2024-08-11T14:50:14.067738+00:00] ms-asset.ERROR: TypeError: call_user_func_array(): Argument #1 ($callback) must be a valid callback, no array or string given in /Users/andis/Documents/PROJECT/sample-ms-php/ms-asset/config/Router.php:60 Stack trace: #0 /Users/andis/Documents/PROJECT/sample-ms-php/ms-asset/config/Router.php(60): call_user_func_array(Object(App\Middleware\AuthMiddleware), Array) #1 [internal function]: App\MsAsset\Config\Router->App\MsAsset\Config\{closure}() #2 /Users/andis/Documents/PROJECT/sample-ms-php/ms-asset/config/Router.php(50): call_user_func_array(Object(Closure), Array) #3 /Users/andis/Documents/PROJECT/sample-ms-php/ms-asset/src/Kernel.php(43): App\MsAsset\Config\Router->matchAndDispatch() #4 /Users/andis/Documents/PROJECT/sample-ms-php/ms-asset/public/index.php(32): App\MsAsset\Kernel->handleRequest() #5 {main} [] []
[2024-08-11T14:50:15.649452+00:00] ms-asset.ERROR: TypeError: call_user_func_array(): Argument #1 ($callback) must be a valid callback, no array or string given in /Users/andis/Documents/PROJECT/sample-ms-php/ms-asset/config/Router.php:60 Stack trace: #0 /Users/andis/Documents/PROJECT/sample-ms-php/ms-asset/config/Router.php(60): call_user_func_array(Object(App\Middleware\AuthMiddleware), Array) #1 [internal function]: App\MsAsset\Config\Router->App\MsAsset\Config\{closure}() #2 /Users/andis/Documents/PROJECT/sample-ms-php/ms-asset/config/Router.php(50): call_user_func_array(Object(Closure), Array) #3 /Users/andis/Documents/PROJECT/sample-ms-php/ms-asset/src/Kernel.php(43): App\MsAsset\Config\Router->matchAndDispatch() #4 /Users/andis/Documents/PROJECT/sample-ms-php/ms-asset/public/index.php(32): App\MsAsset\Kernel->handleRequest() #5 {main} [] []
[2024-08-11T14:50:16.353227+00:00] ms-asset.ERROR: TypeError: call_user_func_array(): Argument #1 ($callback) must be a valid callback, no array or string given in /Users/andis/Documents/PROJECT/sample-ms-php/ms-asset/config/Router.php:60 Stack trace: #0 /Users/andis/Documents/PROJECT/sample-ms-php/ms-asset/config/Router.php(60): call_user_func_array(Object(App\Middleware\AuthMiddleware), Array) #1 [internal function]: App\MsAsset\Config\Router->App\MsAsset\Config\{closure}() #2 /Users/andis/Documents/PROJECT/sample-ms-php/ms-asset/config/Router.php(50): call_user_func_array(Object(Closure), Array) #3 /Users/andis/Documents/PROJECT/sample-ms-php/ms-asset/src/Kernel.php(43): App\MsAsset\Config\Router->matchAndDispatch() #4 /Users/andis/Documents/PROJECT/sample-ms-php/ms-asset/public/index.php(32): App\MsAsset\Kernel->handleRequest() #5 {main} [] []
[2024-08-11T14:50:18.186331+00:00] ms-asset.ERROR: TypeError: call_user_func_array(): Argument #1 ($callback) must be a valid callback, no array or string given in /Users/andis/Documents/PROJECT/sample-ms-php/ms-asset/config/Router.php:60 Stack trace: #0 /Users/andis/Documents/PROJECT/sample-ms-php/ms-asset/config/Router.php(60): call_user_func_array(Object(App\Middleware\AuthMiddleware), Array) #1 [internal function]: App\MsAsset\Config\Router->App\MsAsset\Config\{closure}() #2 /Users/andis/Documents/PROJECT/sample-ms-php/ms-asset/config/Router.php(50): call_user_func_array(Object(Closure), Array) #3 /Users/andis/Documents/PROJECT/sample-ms-php/ms-asset/src/Kernel.php(43): App\MsAsset\Config\Router->matchAndDispatch() #4 /Users/andis/Documents/PROJECT/sample-ms-php/ms-asset/public/index.php(32): App\MsAsset\Kernel->handleRequest() #5 {main} [] []
[2024-08-11T14:50:25.019686+00:00] ms-asset.ERROR: TypeError: call_user_func_array(): Argument #1 ($callback) must be a valid callback, no array or string given in /Users/andis/Documents/PROJECT/sample-ms-php/ms-asset/config/Router.php:60 Stack trace: #0 /Users/andis/Documents/PROJECT/sample-ms-php/ms-asset/config/Router.php(60): call_user_func_array(Object(App\Middleware\AuthMiddleware), Array) #1 [internal function]: App\MsAsset\Config\Router->App\MsAsset\Config\{closure}() #2 /Users/andis/Documents/PROJECT/sample-ms-php/ms-asset/config/Router.php(50): call_user_func_array(Object(Closure), Array) #3 /Users/andis/Documents/PROJECT/sample-ms-php/ms-asset/src/Kernel.php(43): App\MsAsset\Config\Router->matchAndDispatch() #4 /Users/andis/Documents/PROJECT/sample-ms-php/ms-asset/public/index.php(32): App\MsAsset\Kernel->handleRequest() #5 {main} [] []
[2024-08-11T14:50:48.575323+00:00] ms-asset.ERROR: TypeError: call_user_func_array(): Argument #1 ($callback) must be a valid callback, no array or string given in /Users/andis/Documents/PROJECT/sample-ms-php/ms-asset/config/Router.php:60 Stack trace: #0 /Users/andis/Documents/PROJECT/sample-ms-php/ms-asset/config/Router.php(60): call_user_func_array(Object(App\Middleware\AuthMiddleware), Array) #1 [internal function]: App\MsAsset\Config\Router->App\MsAsset\Config\{closure}() #2 /Users/andis/Documents/PROJECT/sample-ms-php/ms-asset/config/Router.php(50): call_user_func_array(Object(Closure), Array) #3 /Users/andis/Documents/PROJECT/sample-ms-php/ms-asset/src/Kernel.php(43): App\MsAsset\Config\Router->matchAndDispatch() #4 /Users/andis/Documents/PROJECT/sample-ms-php/ms-asset/public/index.php(32): App\MsAsset\Kernel->handleRequest() #5 {main} [] []
[2024-08-11T14:50:49.517287+00:00] ms-asset.ERROR: TypeError: call_user_func_array(): Argument #1 ($callback) must be a valid callback, no array or string given in /Users/andis/Documents/PROJECT/sample-ms-php/ms-asset/config/Router.php:60 Stack trace: #0 /Users/andis/Documents/PROJECT/sample-ms-php/ms-asset/config/Router.php(60): call_user_func_array(Object(App\Middleware\AuthMiddleware), Array) #1 [internal function]: App\MsAsset\Config\Router->App\MsAsset\Config\{closure}() #2 /Users/andis/Documents/PROJECT/sample-ms-php/ms-asset/config/Router.php(50): call_user_func_array(Object(Closure), Array) #3 /Users/andis/Documents/PROJECT/sample-ms-php/ms-asset/src/Kernel.php(43): App\MsAsset\Config\Router->matchAndDispatch() #4 /Users/andis/Documents/PROJECT/sample-ms-php/ms-asset/public/index.php(32): App\MsAsset\Kernel->handleRequest() #5 {main} [] []
[2024-08-11T14:50:49.921767+00:00] ms-asset.ERROR: TypeError: call_user_func_array(): Argument #1 ($callback) must be a valid callback, no array or string given in /Users/andis/Documents/PROJECT/sample-ms-php/ms-asset/config/Router.php:60 Stack trace: #0 /Users/andis/Documents/PROJECT/sample-ms-php/ms-asset/config/Router.php(60): call_user_func_array(Object(App\Middleware\AuthMiddleware), Array) #1 [internal function]: App\MsAsset\Config\Router->App\MsAsset\Config\{closure}() #2 /Users/andis/Documents/PROJECT/sample-ms-php/ms-asset/config/Router.php(50): call_user_func_array(Object(Closure), Array) #3 /Users/andis/Documents/PROJECT/sample-ms-php/ms-asset/src/Kernel.php(43): App\MsAsset\Config\Router->matchAndDispatch() #4 /Users/andis/Documents/PROJECT/sample-ms-php/ms-asset/public/index.php(32): App\MsAsset\Kernel->handleRequest() #5 {main} [] []
[2024-08-11T14:50:53.641230+00:00] ms-asset.ERROR: TypeError: call_user_func_array(): Argument #1 ($callback) must be a valid callback, no array or string given in /Users/andis/Documents/PROJECT/sample-ms-php/ms-asset/config/Router.php:60 Stack trace: #0 /Users/andis/Documents/PROJECT/sample-ms-php/ms-asset/config/Router.php(60): call_user_func_array(Object(App\Middleware\AuthMiddleware), Array) #1 [internal function]: App\MsAsset\Config\Router->App\MsAsset\Config\{closure}() #2 /Users/andis/Documents/PROJECT/sample-ms-php/ms-asset/config/Router.php(50): call_user_func_array(Object(Closure), Array) #3 /Users/andis/Documents/PROJECT/sample-ms-php/ms-asset/src/Kernel.php(43): App\MsAsset\Config\Router->matchAndDispatch() #4 /Users/andis/Documents/PROJECT/sample-ms-php/ms-asset/public/index.php(32): App\MsAsset\Kernel->handleRequest() #5 {main} [] []
[2024-08-11T14:50:54.704051+00:00] ms-asset.ERROR: TypeError: call_user_func_array(): Argument #1 ($callback) must be a valid callback, no array or string given in /Users/andis/Documents/PROJECT/sample-ms-php/ms-asset/config/Router.php:60 Stack trace: #0 /Users/andis/Documents/PROJECT/sample-ms-php/ms-asset/config/Router.php(60): call_user_func_array(Object(App\Middleware\AuthMiddleware), Array) #1 [internal function]: App\MsAsset\Config\Router->App\MsAsset\Config\{closure}() #2 /Users/andis/Documents/PROJECT/sample-ms-php/ms-asset/config/Router.php(50): call_user_func_array(Object(Closure), Array) #3 /Users/andis/Documents/PROJECT/sample-ms-php/ms-asset/src/Kernel.php(43): App\MsAsset\Config\Router->matchAndDispatch() #4 /Users/andis/Documents/PROJECT/sample-ms-php/ms-asset/public/index.php(32): App\MsAsset\Kernel->handleRequest() #5 {main} [] []
[2024-08-11T14:50:54.993859+00:00] ms-asset.ERROR: TypeError: call_user_func_array(): Argument #1 ($callback) must be a valid callback, no array or string given in /Users/andis/Documents/PROJECT/sample-ms-php/ms-asset/config/Router.php:60 Stack trace: #0 /Users/andis/Documents/PROJECT/sample-ms-php/ms-asset/config/Router.php(60): call_user_func_array(Object(App\Middleware\AuthMiddleware), Array) #1 [internal function]: App\MsAsset\Config\Router->App\MsAsset\Config\{closure}() #2 /Users/andis/Documents/PROJECT/sample-ms-php/ms-asset/config/Router.php(50): call_user_func_array(Object(Closure), Array) #3 /Users/andis/Documents/PROJECT/sample-ms-php/ms-asset/src/Kernel.php(43): App\MsAsset\Config\Router->matchAndDispatch() #4 /Users/andis/Documents/PROJECT/sample-ms-php/ms-asset/public/index.php(32): App\MsAsset\Kernel->handleRequest() #5 {main} [] []
[2024-08-11T14:50:55.456826+00:00] ms-asset.ERROR: TypeError: call_user_func_array(): Argument #1 ($callback) must be a valid callback, no array or string given in /Users/andis/Documents/PROJECT/sample-ms-php/ms-asset/config/Router.php:60 Stack trace: #0 /Users/andis/Documents/PROJECT/sample-ms-php/ms-asset/config/Router.php(60): call_user_func_array(Object(App\Middleware\AuthMiddleware), Array) #1 [internal function]: App\MsAsset\Config\Router->App\MsAsset\Config\{closure}() #2 /Users/andis/Documents/PROJECT/sample-ms-php/ms-asset/config/Router.php(50): call_user_func_array(Object(Closure), Array) #3 /Users/andis/Documents/PROJECT/sample-ms-php/ms-asset/src/Kernel.php(43): App\MsAsset\Config\Router->matchAndDispatch() #4 /Users/andis/Documents/PROJECT/sample-ms-php/ms-asset/public/index.php(32): App\MsAsset\Kernel->handleRequest() #5 {main} [] []
[2024-08-11T14:50:55.939844+00:00] ms-asset.ERROR: TypeError: call_user_func_array(): Argument #1 ($callback) must be a valid callback, no array or string given in /Users/andis/Documents/PROJECT/sample-ms-php/ms-asset/config/Router.php:60 Stack trace: #0 /Users/andis/Documents/PROJECT/sample-ms-php/ms-asset/config/Router.php(60): call_user_func_array(Object(App\Middleware\AuthMiddleware), Array) #1 [internal function]: App\MsAsset\Config\Router->App\MsAsset\Config\{closure}() #2 /Users/andis/Documents/PROJECT/sample-ms-php/ms-asset/config/Router.php(50): call_user_func_array(Object(Closure), Array) #3 /Users/andis/Documents/PROJECT/sample-ms-php/ms-asset/src/Kernel.php(43): App\MsAsset\Config\Router->matchAndDispatch() #4 /Users/andis/Documents/PROJECT/sample-ms-php/ms-asset/public/index.php(32): App\MsAsset\Kernel->handleRequest() #5 {main} [] []
[2024-08-11T14:50:56.440736+00:00] ms-asset.ERROR: TypeError: call_user_func_array(): Argument #1 ($callback) must be a valid callback, no array or string given in /Users/andis/Documents/PROJECT/sample-ms-php/ms-asset/config/Router.php:60 Stack trace: #0 /Users/andis/Documents/PROJECT/sample-ms-php/ms-asset/config/Router.php(60): call_user_func_array(Object(App\Middleware\AuthMiddleware), Array) #1 [internal function]: App\MsAsset\Config\Router->App\MsAsset\Config\{closure}() #2 /Users/andis/Documents/PROJECT/sample-ms-php/ms-asset/config/Router.php(50): call_user_func_array(Object(Closure), Array) #3 /Users/andis/Documents/PROJECT/sample-ms-php/ms-asset/src/Kernel.php(43): App\MsAsset\Config\Router->matchAndDispatch() #4 /Users/andis/Documents/PROJECT/sample-ms-php/ms-asset/public/index.php(32): App\MsAsset\Kernel->handleRequest() #5 {main} [] []
[2024-08-11T14:50:56.880347+00:00] ms-asset.ERROR: TypeError: call_user_func_array(): Argument #1 ($callback) must be a valid callback, no array or string given in /Users/andis/Documents/PROJECT/sample-ms-php/ms-asset/config/Router.php:60 Stack trace: #0 /Users/andis/Documents/PROJECT/sample-ms-php/ms-asset/config/Router.php(60): call_user_func_array(Object(App\Middleware\AuthMiddleware), Array) #1 [internal function]: App\MsAsset\Config\Router->App\MsAsset\Config\{closure}() #2 /Users/andis/Documents/PROJECT/sample-ms-php/ms-asset/config/Router.php(50): call_user_func_array(Object(Closure), Array) #3 /Users/andis/Documents/PROJECT/sample-ms-php/ms-asset/src/Kernel.php(43): App\MsAsset\Config\Router->matchAndDispatch() #4 /Users/andis/Documents/PROJECT/sample-ms-php/ms-asset/public/index.php(32): App\MsAsset\Kernel->handleRequest() #5 {main} [] []
[2024-08-11T14:50:57.953532+00:00] ms-asset.ERROR: TypeError: call_user_func_array(): Argument #1 ($callback) must be a valid callback, no array or string given in /Users/andis/Documents/PROJECT/sample-ms-php/ms-asset/config/Router.php:60 Stack trace: #0 /Users/andis/Documents/PROJECT/sample-ms-php/ms-asset/config/Router.php(60): call_user_func_array(Object(App\Middleware\AuthMiddleware), Array) #1 [internal function]: App\MsAsset\Config\Router->App\MsAsset\Config\{closure}() #2 /Users/andis/Documents/PROJECT/sample-ms-php/ms-asset/config/Router.php(50): call_user_func_array(Object(Closure), Array) #3 /Users/andis/Documents/PROJECT/sample-ms-php/ms-asset/src/Kernel.php(43): App\MsAsset\Config\Router->matchAndDispatch() #4 /Users/andis/Documents/PROJECT/sample-ms-php/ms-asset/public/index.php(32): App\MsAsset\Kernel->handleRequest() #5 {main} [] []
[2024-08-11T14:50:58.726223+00:00] ms-asset.ERROR: TypeError: call_user_func_array(): Argument #1 ($callback) must be a valid callback, no array or string given in /Users/andis/Documents/PROJECT/sample-ms-php/ms-asset/config/Router.php:60 Stack trace: #0 /Users/andis/Documents/PROJECT/sample-ms-php/ms-asset/config/Router.php(60): call_user_func_array(Object(App\Middleware\AuthMiddleware), Array) #1 [internal function]: App\MsAsset\Config\Router->App\MsAsset\Config\{closure}() #2 /Users/andis/Documents/PROJECT/sample-ms-php/ms-asset/config/Router.php(50): call_user_func_array(Object(Closure), Array) #3 /Users/andis/Documents/PROJECT/sample-ms-php/ms-asset/src/Kernel.php(43): App\MsAsset\Config\Router->matchAndDispatch() #4 /Users/andis/Documents/PROJECT/sample-ms-php/ms-asset/public/index.php(32): App\MsAsset\Kernel->handleRequest() #5 {main} [] []
[2024-08-11T14:50:59.105312+00:00] ms-asset.ERROR: TypeError: call_user_func_array(): Argument #1 ($callback) must be a valid callback, no array or string given in /Users/andis/Documents/PROJECT/sample-ms-php/ms-asset/config/Router.php:60 Stack trace: #0 /Users/andis/Documents/PROJECT/sample-ms-php/ms-asset/config/Router.php(60): call_user_func_array(Object(App\Middleware\AuthMiddleware), Array) #1 [internal function]: App\MsAsset\Config\Router->App\MsAsset\Config\{closure}() #2 /Users/andis/Documents/PROJECT/sample-ms-php/ms-asset/config/Router.php(50): call_user_func_array(Object(Closure), Array) #3 /Users/andis/Documents/PROJECT/sample-ms-php/ms-asset/src/Kernel.php(43): App\MsAsset\Config\Router->matchAndDispatch() #4 /Users/andis/Documents/PROJECT/sample-ms-php/ms-asset/public/index.php(32): App\MsAsset\Kernel->handleRequest() #5 {main} [] []
[2024-08-11T14:51:35.007325+00:00] ms-asset.ERROR: TypeError: call_user_func_array(): Argument #1 ($callback) must be a valid callback, no array or string given in /Users/andis/Documents/PROJECT/sample-ms-php/ms-asset/config/Router.php:60 Stack trace: #0 /Users/andis/Documents/PROJECT/sample-ms-php/ms-asset/config/Router.php(60): call_user_func_array(Object(App\Middleware\AuthMiddleware), Array) #1 [internal function]: App\MsAsset\Config\Router->App\MsAsset\Config\{closure}() #2 /Users/andis/Documents/PROJECT/sample-ms-php/ms-asset/config/Router.php(50): call_user_func_array(Object(Closure), Array) #3 /Users/andis/Documents/PROJECT/sample-ms-php/ms-asset/src/Kernel.php(43): App\MsAsset\Config\Router->matchAndDispatch() #4 /Users/andis/Documents/PROJECT/sample-ms-php/ms-asset/public/index.php(32): App\MsAsset\Kernel->handleRequest() #5 {main} [] []
[2024-08-11T14:51:44.943894+00:00] ms-asset.ERROR: TypeError: call_user_func_array(): Argument #1 ($callback) must be a valid callback, no array or string given in /Users/andis/Documents/PROJECT/sample-ms-php/ms-asset/config/Router.php:60 Stack trace: #0 /Users/andis/Documents/PROJECT/sample-ms-php/ms-asset/config/Router.php(60): call_user_func_array(Object(App\Middleware\AuthMiddleware), Array) #1 [internal function]: App\MsAsset\Config\Router->App\MsAsset\Config\{closure}() #2 /Users/andis/Documents/PROJECT/sample-ms-php/ms-asset/config/Router.php(50): call_user_func_array(Object(Closure), Array) #3 /Users/andis/Documents/PROJECT/sample-ms-php/ms-asset/src/Kernel.php(43): App\MsAsset\Config\Router->matchAndDispatch() #4 /Users/andis/Documents/PROJECT/sample-ms-php/ms-asset/public/index.php(32): App\MsAsset\Kernel->handleRequest() #5 {main} [] []
[2024-08-11T14:52:25.249543+00:00] ms-asset.ERROR: Error: Call to undefined method App\MsAsset\Config\Router::applyMiddleware() in /Users/andis/Documents/PROJECT/sample-ms-php/ms-asset/config/Router.php:25 Stack trace: #0 /Users/andis/Documents/PROJECT/sample-ms-php/ms-asset/src/Kernel.php(37): App\MsAsset\Config\Router->setupRoutes(Object(App\MsAsset\Controllers\AssetController)) #1 /Users/andis/Documents/PROJECT/sample-ms-php/ms-asset/src/Kernel.php(42): App\MsAsset\Kernel->boot() #2 /Users/andis/Documents/PROJECT/sample-ms-php/ms-asset/public/index.php(32): App\MsAsset\Kernel->handleRequest() #3 {main} [] []
[2024-08-11T14:52:43.789129+00:00] ms-asset.ERROR: TypeError: call_user_func_array(): Argument #1 ($callback) must be a valid callback, no array or string given in /Users/andis/Documents/PROJECT/sample-ms-php/ms-asset/config/Router.php:61 Stack trace: #0 /Users/andis/Documents/PROJECT/sample-ms-php/ms-asset/config/Router.php(61): call_user_func_array(Object(App\Middleware\AuthMiddleware), Array) #1 [internal function]: App\MsAsset\Config\{closure}() #2 /Users/andis/Documents/PROJECT/sample-ms-php/ms-asset/config/Router.php(50): call_user_func_array(Object(Closure), Array) #3 /Users/andis/Documents/PROJECT/sample-ms-php/ms-asset/src/Kernel.php(43): App\MsAsset\Config\Router->matchAndDispatch() #4 /Users/andis/Documents/PROJECT/sample-ms-php/ms-asset/public/index.php(32): App\MsAsset\Kernel->handleRequest() #5 {main} [] []
[2024-08-11T14:52:44.612334+00:00] ms-asset.ERROR: TypeError: call_user_func_array(): Argument #1 ($callback) must be a valid callback, no array or string given in /Users/andis/Documents/PROJECT/sample-ms-php/ms-asset/config/Router.php:61 Stack trace: #0 /Users/andis/Documents/PROJECT/sample-ms-php/ms-asset/config/Router.php(61): call_user_func_array(Object(App\Middleware\AuthMiddleware), Array) #1 [internal function]: App\MsAsset\Config\{closure}() #2 /Users/andis/Documents/PROJECT/sample-ms-php/ms-asset/config/Router.php(50): call_user_func_array(Object(Closure), Array) #3 /Users/andis/Documents/PROJECT/sample-ms-php/ms-asset/src/Kernel.php(43): App\MsAsset\Config\Router->matchAndDispatch() #4 /Users/andis/Documents/PROJECT/sample-ms-php/ms-asset/public/index.php(32): App\MsAsset\Kernel->handleRequest() #5 {main} [] []
[2024-08-11T14:52:45.369322+00:00] ms-asset.ERROR: TypeError: call_user_func_array(): Argument #1 ($callback) must be a valid callback, no array or string given in /Users/andis/Documents/PROJECT/sample-ms-php/ms-asset/config/Router.php:61 Stack trace: #0 /Users/andis/Documents/PROJECT/sample-ms-php/ms-asset/config/Router.php(61): call_user_func_array(Object(App\Middleware\AuthMiddleware), Array) #1 [internal function]: App\MsAsset\Config\{closure}() #2 /Users/andis/Documents/PROJECT/sample-ms-php/ms-asset/config/Router.php(50): call_user_func_array(Object(Closure), Array) #3 /Users/andis/Documents/PROJECT/sample-ms-php/ms-asset/src/Kernel.php(43): App\MsAsset\Config\Router->matchAndDispatch() #4 /Users/andis/Documents/PROJECT/sample-ms-php/ms-asset/public/index.php(32): App\MsAsset\Kernel->handleRequest() #5 {main} [] []
[2024-08-11T14:52:45.666523+00:00] ms-asset.ERROR: TypeError: call_user_func_array(): Argument #1 ($callback) must be a valid callback, no array or string given in /Users/andis/Documents/PROJECT/sample-ms-php/ms-asset/config/Router.php:61 Stack trace: #0 /Users/andis/Documents/PROJECT/sample-ms-php/ms-asset/config/Router.php(61): call_user_func_array(Object(App\Middleware\AuthMiddleware), Array) #1 [internal function]: App\MsAsset\Config\{closure}() #2 /Users/andis/Documents/PROJECT/sample-ms-php/ms-asset/config/Router.php(50): call_user_func_array(Object(Closure), Array) #3 /Users/andis/Documents/PROJECT/sample-ms-php/ms-asset/src/Kernel.php(43): App\MsAsset\Config\Router->matchAndDispatch() #4 /Users/andis/Documents/PROJECT/sample-ms-php/ms-asset/public/index.php(32): App\MsAsset\Kernel->handleRequest() #5 {main} [] []
[2024-08-11T14:52:46.394789+00:00] ms-asset.ERROR: TypeError: call_user_func_array(): Argument #1 ($callback) must be a valid callback, no array or string given in /Users/andis/Documents/PROJECT/sample-ms-php/ms-asset/config/Router.php:61 Stack trace: #0 /Users/andis/Documents/PROJECT/sample-ms-php/ms-asset/config/Router.php(61): call_user_func_array(Object(App\Middleware\AuthMiddleware), Array) #1 [internal function]: App\MsAsset\Config\{closure}() #2 /Users/andis/Documents/PROJECT/sample-ms-php/ms-asset/config/Router.php(50): call_user_func_array(Object(Closure), Array) #3 /Users/andis/Documents/PROJECT/sample-ms-php/ms-asset/src/Kernel.php(43): App\MsAsset\Config\Router->matchAndDispatch() #4 /Users/andis/Documents/PROJECT/sample-ms-php/ms-asset/public/index.php(32): App\MsAsset\Kernel->handleRequest() #5 {main} [] []
